Basemental Drugs
Patreon version 7.15.193



Created by Basemental

Patreon: patreon.com/basemental
Tutorials: basementalcc.com

Basemental Alcohol Detection Test: Not installed
Basemental Venue List Detection Test: !NOT INSTALLED!
Installation Detection Test: Correct installation

== Machine Specs ==
OS version:      Windows 11 10.0.22621
CPU:             AMD Ryzen 7 2700 Eight-Core Processor          
RAM:             32694MB
Free memory:     22470MB
GPU:             NVIDIA GeForce RTX 3060 Ti
The Sims 4 version 1.91.186.1030

== Other Mods ==
MCCC 2022.6.0
Wicked Whims v176.1
Apparently not an egg fetishist...
== Missing Game Packs ==
No packs missing.
== Packages ==
Total amount: 1434
-Basemental Beer Brewing Station (Optional) - Russian Translation by esqdumper.package
-Basemental Drugs - Russian Translation by esqdumper.package
-Basemental Hookah (Optional) - Russian Translation by esqdumper.package
-Basemental Real Drink Names (Optional) - Russian Translation by esqdumper.package
-Basemental Trippy Batuu (Optional) - Russian Translation by esqdumper.package
Basemental Drugs.package
Basemental Beer Brewing Station (Optional).package
Basemental Bust The Drugs (Optional).package
Basemental Hookah (Optional).package
Basemental Real Drink Names (Optional).package
Basemental Remove Keg Buffs (Optional).package
Basemental Trippy Batuu (Optional).package
Asiashamecca_Careers_UltimateDancer.package
Asiashamecca_Careers_UltimateFbiAgent.package
Asiashamecca_Careers_UltimateSbaBaller.package
Asiashamecca_Careers_UltimateSflPlayer.package
Bath & Body Works [BeautifulLache]rus.package
Chuck E Cheese Career.package
Firefighter.package
KS - Part Time Jobs - S1.package
Kyatt_Careers_AnimalCareV5.package
LifeguardCareer.package
Marducplays_Careers_DockWorker.package
Marducplays_Careers_SecurityGuard.package
marlynsims_CosmeticSurgeon_Career.package
marlynsims_Geneticist_Career.package
marlynsims_ScenicPhotographer_Careerrus.package
marlynsims_TattooArtist_Career.package
Midnitetech_Careers_Accounting.package
Midnitetech_Careers_Advertising.package
Midnitetech_Careers_Airline.package
Midnitetech_Careers_Archaeology.package
Midnitetech_Careers_Astronomer.package
Midnitetech_Careers_Banking.package
Midnitetech_Careers_Chocolatier.package
Midnitetech_Careers_ClubLeader.package
Midnitetech_Careers_ComicsGraphicNovels.package
Midnitetech_Careers_CropFarmer.package
Midnitetech_Careers_CustomerService.package
Midnitetech_Careers_DisneyWorld.package
Midnitetech_Careers_DogWalker.package
Midnitetech_Careers_Film.package
Midnitetech_Careers_Fitness.package
Midnitetech_Careers_GraphicDesignrus.package
Midnitetech_Careers_Hackerrus.package
Midnitetech_Careers_HealthAndBeauty.package
Midnitetech_Careers_Hotel.package
Midnitetech_Careers_HumanResourcesSpecialist.package
Midnitetech_Careers_IceRoadTrucker.package
Midnitetech_Careers_InteriorDesigner.package
Midnitetech_Careers_Jewelry.package
Midnitetech_Careers_Journalism.package
Midnitetech_Careers_JournalismTeen.package
Midnitetech_Careers_Lawyer.package
Midnitetech_Careers_Literary.package
Midnitetech_Careers_ManualLabor.package
Midnitetech_Careers_MausoleumClerk.package
Midnitetech_Careers_Medical.package
Midnitetech_Careers_Meteorology.package
Midnitetech_Careers_Model.package
Midnitetech_Careers_Musician.package
Midnitetech_Careers_Nightclub.package
Midnitetech_Careers_NightShiftPack.package
Midnitetech_Careers_PartTimeAgency.package
Midnitetech_Careers_PoliticsTeen.package
Midnitetech_Careers_PrivateInvestigator.package
Midnitetech_Careers_PrivateTutoring.package
Midnitetech_Careers_Production.package
Midnitetech_Careers_Psychologist.package
Midnitetech_Careers_SaturdayJobs.package
Midnitetech_Careers_SpaReceptionist.package
Midnitetech_Careers_SpaSpecialist.package
Midnitetech_Careers_SwindlerConversion.package
Midnitetech_Careers_TalkShowHost.package
Midnitetech_Careers_TrustFund.package
Midnitetech_Careers_Veterinary.package
Midnitetech_Careers_WebAdmin.package
Midnitetech_Careers_WelfareRecipient.package
Midnitetech_Careers_WinterfestTemp.package
MSQSIMS_Career_WWE Superstar.package
Neia_Careers_Architecture.package
Neia_Careers_Biology.package
Neia_Careers_Commons.package
OSEX_Pimping.package
OSEX_PrivateModel.package
OSEX_SexyTeacher.package
OSEX_Tramp.package
PisceanSimmerCareersBaker.package
PisceansimmerCareersWeddingPlanner.package
PisceansimmerCareersZookeeper.package
PostalService_Career_by_Simscovery.package
Purplethistles_Careers_TarotReader.package
Victoria Secret Career [BeautifulLache].package
- Gameplay Overhaul - Russian translation by trail_of_blood.package
Carl_Gameplay_Overhaul.package
sims4pack_9973-Fon-dlya-CAS-Aloha.package
Cnazi.package
mc_cmd_center.package
mc_woohoo.package
!SrslySims_CookingOverhaul_RU_Origamika.package
SrslySims_BG_Functional_BreadboxStorage.package
SrslySims_BG_Functional-ChipDisplayShort.package
SrslySims_BG_Functional-ChipDisplayTall.package
SrslySims_SCCO_MilkCowplant.package
SrslySims_BG_GrocerySavingsPersonalBanks.package
SrslySims_BG_GrocerySubsciptionService.package
SrslySims_SCCO_BG_FunctionalObject-SeedPacketDisplay.package
SrslySims_EP02_ClubInteractions-BuyCookbooks.package
SrslySims_EP02_ClubInteractions-BuyGroceries.package
SrslySims_EP05_HolidayTradition-GoGroceryShopping.package
SrslySims_EP08_FunctionalObject-TheDrinkMachine.package
SrslySims_EP09_HarvestSCCOMeats-MeatWall.package
SrslySims_EP09_OVERRIDE_MeatWallforEveryone.package
SrslySims_GP09_BatuuShellPartyServings.package
SCCO_Cookbook_EP03-Cultural.package
SCCO_Cookbook_EP04-Seafood.package
SCCO_Cookbook_EP07-Island.package
SCCO_Cookbook_EP10-Snowy.package
SCCO_Cookbook_EP12-HighSchool.package
SCCO_Cookbook_GP03-Experimental.package
SCCO_Cookbook_GP06-Jungle.package
SCCO_Cookbook_GP09-Batuu.package
SCCO_Cookbook_GP12-Werewolves.package
SCCO_StartCrafting-CatsDogs.package
SCCO_StartCrafting-CottageLiving.package
SCCO_StartCrafting-MyWeddingStories.package
SCCO_StartCrafting-Seasons.package
SCCO_StartCrafting.package
SCCO_EARecipes-BG.package
SCCO_EARecipes-EP01.package
SCCO_EARecipes-EP02.package
SCCO_EARecipes-EP03.package
SCCO_EARecipes-EP04.package
SCCO_EARecipes-EP05.package
SCCO_EARecipes-EP07.package
SCCO_EARecipes-EP08.package
SCCO_EARecipes-EP09.package
SCCO_EARecipes-EP10.package
SCCO_EARecipes-EP11.package
SCCO_EARecipes-EP12.package
SCCO_EARecipes-GP01.package
SCCO_EARecipes-GP02.package
SCCO_EARecipes-GP03.package
SCCO_EARecipes-GP04.package
SCCO_EARecipes-GP05.package
SCCO_EARecipes-GP06.package
SCCO_EARecipes-GP08.package
SCCO_EARecipes-GP09.package
SCCO_EARecipes-GP11.package
SCCO_EARecipes-GP12.package
SCCO_EARecipes-SP01.package
SCCO_EARecipes-SP03.package
SCCO_EARecipes-SP04.package
SCCO_EARecipes-SP05.package
SCCO_PurchaseMenus-BG.package
SCCO_PurchaseMenus-EP11_CottageLivingDelivery.package
SCC0_Ingredient-CocoaPowder.package
SCC0_Ingredient-FlavorExtract.package
SCC0_Ingredient-Flour.package
SCC0_Ingredient-FruitPectin.package
SCC0_Ingredient-LeaviningAgent.package
SCC0_Ingredient-Marshmallow.package
SCC0_Ingredient-MatchaPowder.package
SCC0_Ingredient-Sugar.package
SCC0_Ingredient-VanillaExtract.package
SCC0_Ingredient-Bread.package
SCC0_Ingredient-Tortilla.package
SCC0_Ingredient-Cereal.package
SCC0_Ingredient-Granola.package
SCC0_Ingredient-InstantOatmeal.package
SCC0_Ingredient-BaggedCandy.package
SCC0_Ingredient-ChocolateDark.package
SCC0_Ingredient-ChocolateMilk.package
SCC0_Ingredient-ChocolateWhite.package
SCC0_Ingredient-Beans.package
SCC0_Ingredient-BlackEyedPeas.package
SCC0_Ingredient-CanofSnails.package
SCC0_Ingredient-Chickpeas.package
SCC0_Ingredient-Corn.package
SCC0_Ingredient-OlivesBlack.package
SCC0_Ingredient-OlivesGreen.package
SCC0_Ingredient-CoffeeDark.package
SCC0_Ingredient-CoffeeDecaf.package
SCC0_Ingredient-CoffeeInstant.package
SCC0_Ingredient-CoffeeRegular.package
SCC0_Ingredient-ColdBrew.package
SCC0_Ingredient-HotSauce.package
SCC0_Ingredient-Ketchup.package
SCC0_Ingredient-Mayo.package
SCC0_Ingredient-Oil.package
SCC0_Ingredient-PeanutButter.package
SCC0_Ingredient-Vinegar.package
SCC0_Ingredient-Butter.package
SCC0_Ingredient-Cheese.package
SCC0_Ingredient-Cream.package
SCC0_Ingredient-CreamCheese.package
SCC0_Ingredient-Milk.package
SCC0_Ingredient-Yogurt.package
SCC0_Ingredient-PowerSipClassic.package
SCC0_Ingredient-PowerSipInferno.package
SCC0_Ingredient-ChilledChatterCoffee.package
SCC0_Ingredient-ChilledGreenTea.package
SCC0_Ingredient-GalacticWater.package
SCC0_Ingredient-GrapefruitSeltzer.package
SCC0_Ingredient-HotChatterCoffee.package
SCC0_Ingredient-HotGreenTea.package
SCC0_Ingredient-KomoCrushSoda.package
SCC0_Ingredient-LemonSeltzer.package
SCC0_Ingredient-LimeSeltzer.package
SCC0_Ingredient-LycheeSoda.package
SCC0_Ingredient-MellonSoda.package
SCC0_Ingredient-PlumSoda.package
SCC0_Ingredient-PowerSipCucumber.package
SCC0_Ingredient-PowerSipMidnight.package
SCC0_Ingredient-CanJuice.package
SCC0_Ingredient-CanSoda.package
SCC0_Ingredient-CanWater.package
SCC0_Ingredient-OrangeJuice.package
SCC0_Ingredient-FrozenBurrito.package
SCC0_Ingredient-FrozenPizzaRolls.package
SCC0_Ingredient-FrozenPepRollup.package
SCC0_Ingredient-FrozenVegRollup.package
SCC0_Ingredient-FrenchFries.package
SCC0_Ingredient-MicrowavePastry.package
SCC0_Ingredient-Pretzel.package
SCC0_Ingredient-TVDinner.package
SCCO_ManagersSpecial-Bakers.package
SCCO_ManagersSpecial-Barista.package
SCCO_ManagersSpecial-Butcher.package
SCCO_ManagersSpecial-Farmers.package
SCCO_ManagersSpecial-Fishermans.package
SCCO_ManagersSpecial-Herbalist.package
SCCO_ManagersSpecial-Snack.package
SCCO_ManagersSpecial-Tea.package
SCCO_Ingredient-Meatcube.package
SCC0_Ingredient-ChickenNuggets.package
SCC0_Ingredient-Eggs.package
SCC0_Ingredient-Pork.package
SCC0_Ingredient-Poultry.package
SCC0_Ingredient-RedMeat.package
SCC0_Ingredient-Shrimp.package
SCC0_Ingredient-Tofu.package
SCC0_Ingredient-Pasta.package
SCC0_Ingredient-Rice.package
SCCO_CraftedIngredient_BudgetJam.package
SCCO_CraftedIngredient_BudgetSauce.package
SCCO_CraftedIngredient_Butter.package
SCCO_CraftedIngredient_CaramelSauce.package
SCCO_CraftedIngredient_Cream.package
SCCO_CraftedIngredient_CreamCheese.package
SCC0_Ingredient-BudgetJam.package
SCC0_Ingredient-BudgetSauce.package
SCC0_Ingredient-KeyLimePreserves.package
SCC0_Ingredient-PlasmaMarmalade.package
SCCO_Ingredient-InstantRamen.package
SCCO_Ingredient-Dough.package
SCCO_Ingredient-REQUIREDFILES.package
SCCO_Ingredient-BoltEnergy.package
SCCO_Ingredient-BoltProtein.package
SCCO_Ingredient-Twinkies(CreamCakes).package
SCCO_Ingredient-AnimalCrackers.package
SCCO_Ingredient-ChipsALL.package
SCCO_Ingredient-Popcorn.package
SCCO_Ingredient-PoptartApple.package
SCCO_Ingredient-PoptartBerry.package
SCCO_Ingredient-PoptartCherry.package
SCCO_Ingredient-PoptartStrawberry.package
SCCO_Ingredient-SaltineCrackers.package
SCC0_Ingredient-TeaBee.package
SCC0_Ingredient-TeaBlack.package
SCC0_Ingredient-TeaBlackDragon.package
SCC0_Ingredient-TeaChamomile.package
SCC0_Ingredient-TeaEarlGrey.package
SCC0_Ingredient-TeaGinseng.package
SCC0_Ingredient-TeaGreen.package
SCC0_Ingredient-TeaLemonHoneyGinger.package
SCC0_Ingredient-TeaOolong.package
SCC0_Ingredient-TeaOrangeBlossom.package
SCC0_Ingredient-TeaYerbaMate.package
SrslySims_CookingOverhaul-MainMod.package
!SAC_Life_Tragedies_RU_Origamika_Jane_Moriarty.package
Jason Vorhees Skin.package
Jason Vorhees Top.package
Jason's Boots.package
Jason's Eyes And Face Shadow.package
Jason's Jeans.package
Jason's Knife.package
Jason's Machete.package
Jason's Mask.package
Baby Diaper.package
Bike Prop.package
Brain Washing Helmet.package
CAS - Injuries.package
cigarette.package
Flame Thrower Jig.package
Flame Thrower.package
Floor Wanted paper.package
From Behind Routing Jig.package
Gun Mesh.package
Gundown Off Bike Jig.package
Knife Prop.package
Knife.package
Life Tragedies - Handgun Prop.package
Life Tragedies Wild Fires - Fire.package
Life Tragedies Wild Willard Kline Fire.package
Matthew Briggs Wanted Paper.package
Matthew Briggs Wanted Poster.package
Parachute.package
Patrick Rogers Wanted paper.package
Patrick Rogers Wanted Poster.package
Pen.package
Poisoned Apple.package
Props - Robber's Sack.package
Props - Rope.package
Pyromaniac Mask.package
Sapphire Wanted Poster.package
Serial Killers CAS Items.package
Side By Side Routing Jig.package
Sounds - Flesh_imaple.package
Sounds - KikikiMamama.package
Sounds - Knife_stab.package
Sounds_HandgunShot Sound.package
TS4_Life Tragedies -MOD- v 1.1 Animations.package
Willard Kline Wanted Paper.package
Willard Kline Wanted Poster.package
Zanny Antowan Wanted Paper.package
Zanny Antowan Wanted Poster.package
From Behind Short Distance Routing Jig.package
Bottle.package
Jason's Knife Prop.package
Machete Prop.package
Needle Prop.package
SAC_Life Tragedies -MOD- v 1.2 Animations.package
SAC_Life Tragedies -MOD- v 1.2.8.1.package
Madlen Perla Outfit.package
Madlen Perla Stockings.package
!Lumpinou_MemoryPanelMod_RU_Jane_Moriarty.package
Lumpinou_MemoryPanelMod_v2.package
Lumpinou_MemoryPanelMod_v2_Optional_RetroactiveMemoryAssign.package
Lumpinou_MemoryPanelMod_v2_Optional_ShowTimesHappenedCt.package
Cien   -   No EA Lashes V6  For   -   For All.package
KS - Traits Bundle#1.package
LittleMsSam_QuickShowerBath.package
LittleMsSam_QuickShowerBath_Addon_NoTowel.package
MIKYA_QuickEats_sloweater.package
MTS_Scumbumbo_DontWashDishesWhereYouAngryPoop_LRDT.package
OverNames_V3_(1.48).package
Pandasama_ChildBirth_mod_V1.379.package
Scarlet_NoColdClothingInside.package
ShaneGrey_MentalHygiene_EatAtTable_fix_UpdatedbyLittleMsSam.package
SHEnanigansFasterBrushTeeth.package
sims4me_privacytweak.package
sims4pack_998-Mod-Antitsenzor-No-Mosaic--Censor-Mod-for-The-Sims-4.package
BackTrack_fKnitted_Dress_with_Fur_Coat(DressColors_Necklace)ACC.package
BackTrack_fKnitted_Dress_with_Fur_Coat(FurColors_Wrist)ACC.package
BackTrack_fKnitted_Dress_with_Fur_Coat.package
ChordoftheRingsFrontCutOutBlouseT-410.package
DSF PANT GNF007.package
DSF TOP CYBTREVOL.package
GinkoSims TS4 Hair G123 F.package
HSSR_SUHO_SleevePocket_Top_and_CargoPants.package
ReevalyDotBlushV1.package
ReevalyXentronFacepaint.package
RemusSirion_Lipstick_307_Reign.package
sclub_ts4_LLhair_020323(Ann).package
sclub_ts4_WMhair_080323(Ying).package
sims4pack_9458-Rubashka-s-vodolazkoy-layered-shirt.package
[cosimetic]Eyeshadow-N204-V1-TSR.package
sims-market-sims4pack_3552-Top-NYMERIA-SLIT-TOP.package
sims-market-sims4pack_8276-Plate-rosemary-dress.package
sims-market-sims4pack_8635-Naryad-dlya-simochki-Lori-Outfit.package
sims-market-Классический_костюм_горничной.package
[Moriel] Jean hair.package
[Moriel] Jean outfit.package
[Moriel] Jean shoulders.package
(zebrafizzes)MaculaTop.package
001studio-K-giruto50_sailorcostume_pant.package
001studio-K-giruto50_sailorcostume_top.package
001StudioK-backle_Sneakers.package
001StudioK-face_cover_bandana.package
001StudioK-giruto64_cropped_jean.package
001Studiok-giruto71_BomberJacket.package
001Studiok-randoseru_backpack.package
Adventure Time.Male.white t-shirt.package
Adventure.Time.Male.black.t-shirt.package
Aira_Vanilla Board&Pan.package
Aira_Vanilla Cake.package
Aira_Vanilla Coffee Machine.package
Aira_Vanilla Cutting Board.package
Aira_Vanilla Dish Rack.package
Aira_Vanilla Egg Tray.package
Aira_Vanilla End Table.package
Aira_Vanilla Flower Candle.package
Aira_Vanilla Flower Light.package
Aira_Vanilla Flower Pot.package
Aira_Vanilla Flower Vase.package
Aira_Vanilla Food Bowl Deco_Updated.package
Aira_Vanilla Food Bowl.package
Aira_Vanilla Glass Cup&Coaster.package
Aira_Vanilla Glass Cup.package
Aira_Vanilla Hot Pot Deco.package
Aira_Vanilla Hot Pot.package
Aira_Vanilla Kitchen_Chair.package
Aira_Vanilla Kitchen_Dinner Table.package
Aira_Vanilla Picnic Table.package
Aira_Vanilla Pot.package
Aira_Vanilla Recipe Book.package
Aira_Vanilla Rice Cooker.package
Aira_Vanilla Sauce Pan.package
Aira_Vanilla Toaster.package
Aira_Vanilla Tray.package
Aira_Vanilla Utensil Holder.package
AlainaLinaEyesNo1.package
AlessandroJeans_Mathcope.package
Anto_S4Hair_Empire.package
Anto_S4Hair_Gio.package
Anto_S4Hair_Hugo.package
Anto_S4Hair_Reload.package
Anto_S4Hair_Tyron.package
Anto_S4Hair_Tyron_B.package
Armi_shirt_by_belaloallure.package
AUDEMARS PIGUET ROYAL OAK V1.package
Beard_Nords_Luxuriant.package
BECKYSIMS-Adidas Yeezy 500 'Stone' female.package
BECKYSIMS-Adidas Yeezy 500 'Stone' male.package
BECKYSIMS-Adidas Yeezy 500 'Stone' toddler.package
BED_TS4 M ring slacks.package
Birba32_KimonoJacket.package
Birba32_MY_BohoOpenShirt.package
Birba32_MY_Jeans181.package
Birba32_MY_ThomasShirts.package
Brian_pants_by_belaloallure.package
bs_VariousSweaters_TS4.package
by bukovka_tyae male_short best 040818.package
by bukovka_tyae male_short palm 250719.package
by bukovka_tyae male_short pp 280719.package
CASTERU_beach shorts M.package
CASTERU_beach tank M.package
CASTERU_beach towel M.package
ChloeM-Blouse Male 02.package
ChloeM-Blouse Set Male.package
ChloeM-Jeans for Male.package
ChloeM-Overall Male.package
ChloeM-Pajama Male.package
ChloeM-T-shirt Male.package
Christopher067_Petra_Pants.package
CrisHair_Mathcope.package
CrossFrame_Mathcope.package
Darte77_AdidasGazelle_package.package
Darte77_BeltedJeans05.package
Darte77_BeltedJeans05_package.package
Darte77_Cardigan02_package.package
Darte77_Docksides_package.package
Darte77_FleeceJacket_package.package
Darte77_Jeans05_package.package
Darte77_LongSleeveTShirt_package.package
Darte77_m_BikerJacketwHoodie_V2_package.package
Darte77_m_BikerJacket_V1_package.package
Darte77_m_BlackSkinnyJeans_fixed.package
Darte77_m_CoatnHoodie.package
Darte77_m_KnittedCardigan.package
Darte77_m_PaddedParkaCoat.package
Darte77_m_SimpleHoodie.package
Darte77_m_SlimFitJeans_fixed.package
Darte77_RippedTee_package.package
Darte77_RolledSleeveShirt (With Vest).package
Darte77_RolledSleeveShirt.package
Darte77_RolledSleeveShirt_package.package
Darte77_SuedeJacket_package.package
Darte77_UnbuttonedShirt_package.package
Devin_shirt_by_belaloallure.package
DN-TSR_DS Design Sweatshirt.package
doubleplumbob_amTopM_EP03_BomberJacket.package
doubleplumbob_amTopM_EP03_LeatherJacket.package
DrakeHair_Mathcope.package
Elliesimple_fShoes_ChristmasSocks_package.package
Elliesimple_mBottom_MenDenimJeans_package.package
Elliesimple_mTop_MatchingChristmasSweater.package
FrostSims_PrismaEyes_package.package
GPMEHAIR_-_MG2_package.package
hardingmalehoodie.package
HenryHair_Mathcope.package
ICONIC_-_Arrasou_Viado_T-Shirt_Male_33_package.package
ICONIC_-_Arrombado_Unbalance_Dungarees_Male_54_package.package
ICONIC_-_Me_Engravida_Tank_Top_Male_package.package
Jay_top_by_belaloallure.package
jealousy_now_glasses.package
Joliebean_MrWinter_MensCoat.package
Joliebean_SoftBoy_Overalls.package
JoshHair_Mathcope.package
Kellan_sweater_by_belaloallure.package
LazyEyelids_mb_light_rolled-up_pants.package
LazyEyelids_mb_long_swimming_shorts.package
LazyEyelids_mb_retro_swimming_shorts.package
LazyEyelids_mb_swimwear_shorts.package
LazyEyelids_mt_short_sleeve_shirt.package
LazyEyelids_m_christmas_sweater.package
LazyEyelids_m_skinny_jeans.package
LazyEyelids_m_tartan_shirt.package
LEY-ROLEX DAY JUST.package
lonelyboy_ts4_Layered Winter Wear.package
Lumysims_DuskShoesAM_package.package
LxN_bathtubFuntimeStyle_BE.package
LxN_clockWallWaterproof_BE.package
LxN_floorTileSeastone_BE.package
LxN_lightCeilingShrimp2_BE.package
LxN_lightCeilingShrimp_BE.package
LxN_lightSwimLantern_BE.package
LxN_plantFloorLupin_BE.package
LxN_rugBig_BE.package
LxN_rugToilet_BE.package
LxN_rugTowel_BE.package
LxN_sculptFloorPlunger_BE.package
LxN_sculptFloorToiletbrush_BE.package
LxN_sculptSmallTP_BE.package
LxN_sculptTableBlowdryer_BE.package
LxN_sculptTableCurlers_BE.package
LxN_sculptTableEToothbrush_BE.package
LxN_sculptTableExoticSoaps_BE.package
LxN_sculptTableRazor_BE.package
LxN_sculptTableShampooTwo_BE.package
LxN_sculptTableShrubbyBrush_BE.package
LxN_sculptTableSoapbars_BE.package
LxN_sculptTableSponge_BE.package
LxN_sculptWallToothbrush_BE.package
LxN_sculptWallToothpaste_BE.package
LxN_sculptWallTowelsR_BE.package
LxN_sculptWallTP_BE.package
LxN_sculptWasherTop_BE.package
LxN_showerCorner_BE.package
LxN_sinkpedStorage_BE.package
LxN_tableStereo_BE.package
LxN_ToiletWallC_BE.package
LxN_wallLightMR_BE.package
LxN_wallMedicineCabinet_BE.package
LxN_wallMirror_BE.package
LxN_wallShelfLadder_BE.package
LxN_wallTileSeastone_BE.package
LxN_wallTVTiny_BE.package
Madlen Zack Shoes (Male).package
Madlen_Winfred_Shoes_package.package
magnasimblr_CoolSantaHat_BGC.package
Manolo swimsuit.package
Martin_top_by_belaloallure.package
memysimsandi-islandliving-malehair-1.package
MMSIMS am Derby Walker.package
MM_Male_Jeans_ver1_by_MS_MarySims_package.package
MM_Male_Jeans_ver2_leather_by_MS_MarySims_package.package
MUSAE_AM.package
MUSAE_Submarine.package
myshunosun-2022-lottie-mattress.package
myshunosun-2022-simmify-record-player.package
Nightcrawler AF Hair BUBBLES ACCESSORY PPG COLLECTION.package
Nightcrawler AF Hair BUBBLES PPG COLLECTION.package
Omar_shirt_by_belaloallure.package
OnyxSims4mGavinJeans.package
OnyxSims4mGavinJeansRipped.package
Oranos_AbstractPanelChunkyTrainer.package
Oranos_DenimShort[Male].package
Oranos_SleevelessHoodie.package
Oranos_SummerOpenShirt.package
Oranos_VisorHat[Unisex].package
Paogae - IslandTankTop.package
PnFRexJumpsuit.package
PS_Blush_N58_N.package
PS_IdolBandana.package
PS_SummerDay_Glasses.package
PZC_Denim Jeans Shorts James.package
PZC_Ride The Mountains Cool Sweatshirt.package
QDT Unif socks.package
QwertysimsBucketHat.package
RATWeirdosAccVest.package
RatWeirdosTop1.package
RatWeirdosTop2.package
RatWeirdosTop3.package
RatWeirdosTopsMerged.package
RPLts4 Just Like You Denim Cap.package
RPLts4 M Aloha Shirt.package
Ryllae - Shoe A1 Male.package
S-Club LL ts4  watch 201903 .package
S-Club LL ts4 necklace  201911.package
S-Club ts4 WM Headacc FM 201807.package
S4 Adidasio Top Mh75.package
S4 Casual Tee Tops Mh75.package
SaintPendant_Mathcope.package
SCLASSY_104FuxionFP_package.package
sclub_ts4_hair_n35_Samuel.package
serenity_af_CargoPants.package
serenity_af_ExplorerShorts.package
serenity_af_FlannelShirt.package
serenity_af_JourneySweater.package
serenity_af_ShortTank.package
serenity_af_StreetBoots.package
serenity_am_CargoPants.package
serenity_am_ExplorerShorts.package
serenity_am_FlannelShirt.package
serenity_am_JourneySweater.package
serenity_am_StreetBoots.package
serenity_BucketHat.package
serenity_ChainedPants_package.package
serenity_ComfySocks.package
serenity_FlannelShirt_Gloves.package
ShakeProductions293.package
ShinyNightMblazerbyWistfulCastle.package
SHUNGA_AderError_Sweatpants_M.package
SHUNGA_AderError_Sweatshirt_M.package
SHUNGA_AMI_AcidWashShort_M_package.package
SHUNGA_AMI_StraightJeans_M_package.package
SHUNGA_AMI_Trackpants_M_package.package
silverhammer xmas am pj pants.package
silverhammer xmas am pj top.package
silverhammer xmas am t shirt.package
SimiracleSneakerTimeKids.package
SimiracleSneakerTimeToddlers.package
Simlocker Male Just do it nikes.package
SimmieV_HipsterTwScarf.package
SimmieV_Pride Snapback.package
SimmieV_PrideBuWtie.package
Simpliciaty_DevinHair.package
Simpliciaty_DevinHair_package.package
simplistic_paintingindigo2021.package
sims4pack_7917-Bosonozhki-Leather-Sandals-02.package
sims4pack_7922-Komplekt-dlya-vannoy-komnaty-Cozy-Bathroom-Kit.package
sims4pack_8009-Bosonozhki-Leather-Sandals-04.package
sims4pack_8018-ZHenskaya-pricheska-ROBO-K-HAIR.package
sims4pack_8293-ZHenskaya-pricheska-MOON-ROCK-HAIR.package
sims4pack_8297-ZHenskaya-pricheska-natalia-hair.package
sims4pack_8305-ZHenskaya-pricheska-Anika-Hairstyle.package
sims4pack_8332-Komplekt-dlya-interera-Super-Streamer-Kit.package
sims4pack_8333-ZHenskaya-pricheska-Creepie-Hairstyle.package
sims4pack_8438-Muzhskaya-pricheska-Seraphim.package
sims4pack_8517-Muzhskaya-pricheska-Smooth-male-hair-TO1026.package
sims4pack_8545-ZHenskaya-pricheska-BUBBLES-HAIR-PPG-COLLECTION2.package
sims4pack_8587-ZHenskaya-pricheska-Luna-hair.package
sims4pack_8647-Komplekt-dlya-stolovoy-Cozy-Corner-Kit.package
sims4pack_8728-Komplekt-dlya-vnutrennego-dvorika-OakiConcrete-Patio-Kit.package
sims4pack_8903-Pricheska-SURFACE-HAIRSTYLE.package
sims4pack_8956-Detskaya-pricheska-Lucas-Hair.package
sims4pack_9204-Krossovki-dlya-detey-i-toddlerov-COURT-BOROUGH-LOWS-SNEAKERS.package
sims4pack_9239-Pricheska-Esther.package
sims4pack_9257-ZHenskaya-pricheska-Willow-Hairstyle.package
sims4pack_9293-ZHenskaya-pricheska-Joie-Hairstyle.package
sims4pack_9376-ZHenskaya-pricheska-SAVANNAH-HAIRSTYLE.package
sims4pack_9497-ZHenskaya-pricheska-Thea-Hairstyle.package
sims4pack_9740-ZHenskaya-pricheska-The-Advent-Hair.package
sims4pack_9801-Muzhskie-krossovki-Low-Top-Sneakers-05-Male.package
sims4pack_9804-ZHenskaya-pricheska-Leoline.package
sims4pack_9814-Muzhskaya-pricheska-Communion-Hair.package
sims4pack_9829-ZHenskaya-pricheska-Veronica-Hairstyle.package
sims4pack_9866-ZHenskaya-pricheska-Jeanie.package
sims4pack_9878-ZHenskaya-pricheska-Tansy-Hairstyle.package
sims4pack_9899-ZHenskaya-pricheska-Maisie-Hairstyle.package
sims4pack_9928-ZHenskaya-pricheska-Transcendent-Hair.package
sims4pack_9948-ZHenskaya-pricheska-Kaia-Hairstyle.package
sims4pack_9950-Pricheska-Cool-Updo-hairstyle-Kim.package
sims4pack_9961-ZHenskaya-pricheska-Cairo-Hair.package
SimsHouseMen's shirt in the style of boho.package
SimsHouseTropics blouse men's lacing.package
SimsHouseTropics Men's Sleeveless T-shirt.package
SimsHouseTropics men's swimming shorts.package
SimsHouseTropics men's underwear.package
SM_strawberrymilksocks.package
SpringgazeMaletopbyWistfulCastle.package
swanseajersey.package
swanseashorts.package
swanseasocks.package
THISISTHEM Matthew Skin.package
TooHotmaletopbyWistfulCastle.package
ToothPendant_Mathcope.package
trashmancoat_castle.package
Trillyke_Chiyo_Jacket_Dress.package
Trillyke_Junko_Shorts.package
Trillyke_Kumiko_Socks.package
Trillyke_Maru_Cropped_Hooded_Top.package
Trillyke_Mei_Buckle_Boots.package
Trillyke_Midori_Leg_Warmers.package
Trillyke_Misuru_Pants.package
Trillyke_Playback_Socks_Cotton.package
Trillyke_Playback_Socks_Fishnet.package
Trillyke_Rei_Platform Shoes.package
Trillyke_Sachiko_Fuzzy_Hat.package
Trillyke_Sora_Top.package
Trillyke_Take_Off_Pants.package
Trillyke_Yasu_Fishnet_Acc_Top.package
Trillyke_Yumie_Sheer_Top.package
TsminhSims_S4_Hair_85_Todd.package
TsminhSims_S4_Hair_92_Jason.package
TsminhSims_S4_Miami_Outfit.package
verdigrissStrangeGoggles.package
WilliamHair_Mathcope.package
WillPendant_Mathcope.package
WINGS HAIR TS4 OE0818 M.package
WINGS HAIR TS4 OE0908 M.package
WINGS HAIR TS4 OE0928 A.package
WINGS HAIR TS4 OE1218 M.package
WINGS HAIR TS4 ON0125 M.package
WINGS HAIR TS4 ON0204 M.package
WINGS HAIR TS4 ON0218 M.package
WINGS HAIR TS4 ON0515 M.package
WINGS HAIR TS4 ON0705 M.package
WINGS HAIR TS4 ON0712 M.package
[ cosimetics ] designer socks.package
[arethabee] devon top.package
[arethabee] donna hair.package
[arethabee] elena top.package
[arethabee] finn shorts.package
[arethabee] jane jeans.package
[arethabee] jane shorts.package
[arethabee] jasper top.package
[arethabee] kai skirt.package
[arethabee] lori dress.package
[arethabee] lori top.package
[arethabee] myra top.package
[arethabee] olivia hair v2.package
[arethabee] olivia hair.package
[Ayoshi]-ChanceGlasses.package
[BEAR] RE7 Ethan Winters Shirt.package
[Dyoreos] m_HeyCupidJeans.package
[ELU] DreamyHeels.package
[ELU] DreamySocks.package
[Gorilla Gorilla Gorilla] Basic Shirt.package
[Gorilla Gorilla Gorilla] Cardigan with Turtleneck.package
[Gorilla Gorilla Gorilla] Color Pigment Sweatshirt.package
[Gorilla Gorilla Gorilla] Formal Shirt.package
[Gorilla Gorilla Gorilla] Henry Neck Shirt.package
[Gorilla Gorilla Gorilla] Pants Merge Package.package
[Gorilla Gorilla Gorilla] Shirt with Suspender (1).package
[Gorilla Gorilla Gorilla] Shirt with Suspender.package
[Gorilla Gorilla Gorilla] T-Shirt with Suspender.package
[Gorilla Gorilla Gorilla] Winter Scarf.package
[Jius]AnkleStrapPlatformPumps01.package
[Jius]BowknotPlatformLoafers01.package
[Jius]CanvasSneakers02.package
[Jius]CanvasSneakers03.package
[Jius]CheckerboardSneakers01-Female.package
[Jius]CheckerboardSneakers01-Male.package
[Jius]CrocsClog02.package
[Jius]DoubleStrapPlatformSandals01.package
[Jius]EspadrilleFlatSandals02.package
[Jius]HighHeeledMules01.package
[Jius]KnittedSocks08.package
[Jius]LeatherHeeledLoafers01.package
[Jius]LowTopSneaker05.package
[Jius]LowTopSneaker06.package
[Jius]OpenToePlatformPumps01.package
[Jius]OpenToePlatformPumpsWithSocks01.package
[Jius]PlatformSandals07.package
[Jius]PlatformSlippers03.package
[Jius]PlatformSneakers02.package
[Jius]PlatformSneakers03.package
[Jius]SquareToeBowknotSandals01.package
[Jius]StarFuzzyBoots01.package
[Jius]SuedeSandals01.package
[MB] leo-decor-sportshoes CONVERSION M.package
[MB] leoclassic decor shoes CONVERSION M.package
[MB] Mesh_ParadiseSimalAFSneakers CONVERSION M.package
[Osoon]OS-Eye13.package
[Polygraphish] Apollo Coat.package
[Polygraphish] Button Up Florence.package
[QICC]Urban_Bedroom_Kit_Bed_Double.package
[QICC]Urban_Bedroom_Kit_Bed_Single.package
[QICC]Urban_Bedroom_Kit_Bed_Single_Top_Bunk.package
[QICC]Urban_Bedroom_Kit_Chair_Circular.package
[QICC]Urban_Bedroom_Kit_Chair_Circular_with_Pillow.package
[QICC]Urban_Bedroom_Kit_Chair_Rectangle.package
[QICC]Urban_Bedroom_Kit_Chair_Rectangle_with_Pillow.package
[QICC]Urban_Bedroom_Kit_Closet_Modular_Corner.package
[QICC]Urban_Bedroom_Kit_Closet_Modular_Emptyish.package
[QICC]Urban_Bedroom_Kit_Closet_Modular_Feminine_Casual.package
[QICC]Urban_Bedroom_Kit_Closet_Modular_Feminine_Formal.package
[QICC]Urban_Bedroom_Kit_Closet_Modular_Masculine_Casual.package
[QICC]Urban_Bedroom_Kit_Closet_Modular_Masculine_Formal.package
[QICC]Urban_Bedroom_Kit_Clutter_Family.package
[QICC]Urban_Bedroom_Kit_Clutter_Sign.package
[QICC]Urban_Bedroom_Kit_Clutter_Stack_of_Boxes_I.package
[QICC]Urban_Bedroom_Kit_Clutter_Stack_of_Boxes_II.package
[QICC]Urban_Bedroom_Kit_Clutter_Stack_of_Magazines.package
[QICC]Urban_Bedroom_Kit_Clutter_Tiny_Box.package
[QICC]Urban_Bedroom_Kit_Clutter_Vases.package
[QICC]Urban_Bedroom_Kit_Clutter_Vinyl_Record_Holder.package
[QICC]Urban_Bedroom_Kit_Dresser_Double_Short.package
[QICC]Urban_Bedroom_Kit_Dresser_Double_Tall.package
[QICC]Urban_Bedroom_Kit_Dresser_Single.package
[QICC]Urban_Bedroom_Kit_Lamp_Ceiling_Long.package
[QICC]Urban_Bedroom_Kit_Lamp_Ceiling_Medium.package
[QICC]Urban_Bedroom_Kit_Lamp_Ceiling_Short.package
[QICC]Urban_Bedroom_Kit_Lamp_Desk.package
[QICC]Urban_Bedroom_Kit_Mirror_Double.package
[QICC]Urban_Bedroom_Kit_Mirror_Single.package
[QICC]Urban_Bedroom_Kit_Nightstand.package
[QICC]Urban_Bedroom_Kit_Ottoman.package
[QICC]Urban_Bedroom_Kit_Ottoman_with_Storage.package
[QICC]Urban_Bedroom_Kit_Picture_Rectangular_Sign.package
[QICC]Urban_Bedroom_Kit_Picture_Rectangular_TS.package
[QICC]Urban_Bedroom_Kit_Picture_Square_Sign.package
[QICC]Urban_Bedroom_Kit_Picture_Square_TS.package
[QICC]Urban_Bedroom_Kit_Plant_Floor_Large_I.package
[QICC]Urban_Bedroom_Kit_Plant_Floor_Large_II.package
[QICC]Urban_Bedroom_Kit_Plant_Floor_Medium_I.package
[QICC]Urban_Bedroom_Kit_Plant_Floor_Medium_II.package
[QICC]Urban_Bedroom_Kit_Plant_Table_Medium_I.package
[QICC]Urban_Bedroom_Kit_Plant_Table_Medium_II.package
[QICC]Urban_Bedroom_Kit_Plant_Table_Medium_III.package
[QICC]Urban_Bedroom_Kit_Plant_Table_Small_I.package
[QICC]Urban_Bedroom_Kit_Plant_Table_Small_II.package
[QICC]Urban_Bedroom_Kit_Rug_Circular.package
[QICC]Urban_Bedroom_Kit_Rug_Rectangular.package
[QICC]Urban_Bedroom_Kit_Sign.package
[QICC]Urban_Bedroom_Kit_Vanity_Table.package
[REDHEADSIMS] MF-Kewai-DragQueen.package
[shendori]Christmas fairy.package
[shendori]Christmas hat.package
[shendori]jean_M_01.package
[shendori]Sexy Santa.package
[stephanine] Joshua Hair.package
[SugarOwl] IslandHeat_OpenedShirt.package
[Trillyke]Skydive_Sweater.package
[Trillyke]Touch_Silk_Shirt.package
[turksimmer] Alessandra Ambrosio Dress VIP08 - Patreon.package
[turksimmer] Apocalypse Set-Bottom EC02.package
[turksimmer] Balmain Jumpsuit VIP10 - Patreon.package
[turksimmer] bershka crop 02.package
[turksimmer] Bikini C155.package
[turksimmer] Bikini C176.package
[turksimmer] Bikini C475 - TSR.package
[turksimmer] Bikini C476 - TSR.package
[turksimmer] Bikini C477 - TSR.package
[turksimmer] Bikini C478 - TSR.package
[turksimmer] Bodystocking C483 - TSR.package
[turksimmer] Bodysuit C049.package
[turksimmer] Bodysuit C075.package
[turksimmer] Bodysuit C081.package
[turksimmer] Carrie Dress C207 -TSR.package
[turksimmer] Cat PJ Set-Bottom C314 - TSR.package
[turksimmer] Cat PJ Set-Top C313 - TSR.package
[turksimmer] Cavalli Coat&Dress.package
[turksimmer] Chloe Dress C191.package
[turksimmer] Club Dress C466 - TSR.package
[turksimmer] Coat&Dress C238 - TSR.package
[turksimmer] Cordova Ski Suit VIP15 - Patreon.package
[turksimmer] Crop Sweater C252 - TSR.package
[turksimmer] Crop Top C391 - TSR.package
[turksimmer] Crop Top C429 - TSR.package
[turksimmer] Crop Top VIP28 - Patreon.package
[turksimmer] Dafne Dress C188.package
[turksimmer] Daniela Set C489 - TSR.package
[turksimmer] Darlene Dress C206 -TSR.package
[turksimmer] Defne Leather Dress VIP23 - Patreon.package
[turksimmer] Della Set C488 - TSR.package
[turksimmer] Denim Shorts C448 - TSR.package
[turksimmer] Denim Shorts C468 - TSR.package
[turksimmer] denim skirt 02 C043.package
[turksimmer] Denim Skirt C420 - TSR.package
[turksimmer] Derek Shirt C233 - TSR.package
[turksimmer] Destiny Set C507 - TSR.package
[turksimmer] detailed crop.package
[turksimmer] Dinosaur PJ Set-Bottom C316 - TSR.package
[turksimmer] Dinosaur PJ Set-Top C315 - TSR.package
[turksimmer] dress 02 C041.package
[turksimmer] Dress 04 C051.package
[turksimmer] Dress C087.package
[turksimmer] Dress C088.package
[turksimmer] Dress C096.package
[turksimmer] Dress C097.package
[turksimmer] Dress C100.package
[turksimmer] Dress C143.package
[turksimmer] Dress C147.package
[turksimmer] Dress C154.package
[turksimmer] Dress C162.package
[turksimmer] Dress C166.package
[turksimmer] Dress C167.package
[turksimmer] Dress C208 -TSR.package
[turksimmer] Dress C214 - TSR.package
[turksimmer] Dress C241 - TSR.package
[turksimmer] Dress C361 - TSR.package
[turksimmer] Dress C362 - TSR.package
[turksimmer] Dress C363 - TSR.package
[turksimmer] Dress C364 - TSR.package
[turksimmer] Dress C365 - TSR.package
[turksimmer] Dress C367 - TSR.package
[turksimmer] Dress C368 - TSR.package
[turksimmer] Dress C369 - TSR.package
[turksimmer] Dress C370 - TSR.package
[turksimmer] Dress C400 - TSR.package
[turksimmer] Dress C401 - TSR.package
[turksimmer] Dress C404 - TSR.package
[turksimmer] Dress C405 - TSR.package
[turksimmer] Dress C411 - TSR.package
[turksimmer] Dress C418 - TSR.package
[turksimmer] Dress C421 - TSR.package
[turksimmer] Dress C425 - TSR.package
[turksimmer] Dress C427 - TSR.package
[turksimmer] Dress C432 - TSR.package
[turksimmer] Dress C435 - TSR.package
[turksimmer] Dress C440 - TSR.package
[turksimmer] Dress C459 - TSR.package
[turksimmer] Dress C461 - TSR.package
[turksimmer] Dress C462 - TSR.package
[turksimmer] Dress C465 - TSR.package
[turksimmer] Dress C467 - TSR.package
[turksimmer] Dress C469 (toddler) - TSR.package
[turksimmer] Dress C472 (toddler) - TSR.package
[turksimmer] Dress C479 - TSR.package
[turksimmer] Dress C480 - TSR.package
[turksimmer] Dress C481 - TSR.package
[turksimmer] Dress C484 - TSR.package
[turksimmer] Dress C490 - TSR.package
[turksimmer] Dress C497 (toddler) - TSR.package
[turksimmer] Dress K01 - Patreon.package
[turksimmer] Effie Dress VIP24 - Patreon.package
[turksimmer] Elvira Mini Dress VIP18 - Patreon.package
[turksimmer] Eris Dress Premium08 (toddler) - Patreon.package
[turksimmer] Farmer Dress EC05 - TSR.package
[turksimmer] Farmer Jumpsuit EC03.package
[turksimmer] Flower Dress C232 - TSR.package
[turksimmer] Jacket C132.package
[turksimmer] Jacket Dress C179.package
[turksimmer] Jean C078.package
[turksimmer] Jumper C389 - TSR.package
[turksimmer] Jumpsuit C387 - TSR.package
[turksimmer] Jumpsuit C388 - TSR.package
[turksimmer] Jumpsuit C393 - TSR.package
[turksimmer] Jumpsuit C409 - TSR.package
[turksimmer] Jumpsuit C424 - TSR.package
[turksimmer] Jumpsuit C441 - TSR.package
[turksimmer] Kaitlyn Dress VIP19 - Patreon.package
[turksimmer] Lace Crop C248 - TSR.package
[turksimmer] Leather Skirt C249 - TSR.package
[turksimmer] Leather Skirt C292 - TSR.package
[turksimmer] Leather Trousers C392 - TSR.package
[turksimmer] Leather&Lace Detail Mini Dress VIP09 - Patreon.package
[turksimmer] Lilliana Dress VIP22 - Patreon.package
[turksimmer] Lily Dress C190.package
[turksimmer] Luana Dress C199 - TSR.package
[turksimmer] Metallic Mini Dress S231 - Premium_Patreon.package
[turksimmer] Michelle Dress C187.package
[turksimmer] Mikayla Dress VIP21 - Patreon.package
[turksimmer] Mini Dress C172.package
[turksimmer] Mini Dress C210 -TSR.package
[turksimmer] Mini Jumpsuit C431 - TSR.package
[turksimmer] Mini Jumpsuit C437 - TSR.package
[turksimmer] mini short 02.package
[turksimmer] mini skirt 02 C044.package
[turksimmer] Minidress C412 - TSR.package
[turksimmer] Minidress C413 - TSR.package
[turksimmer] Minidress C414 - TSR.package
[turksimmer] One Shoulder Dress C211 -TSR.package
[turksimmer] Open Shirt VIP35 - Patreon.package
[turksimmer] Outfit C073.package
[turksimmer] Pants C080.package
[turksimmer] Pants C133.package
[turksimmer] Pants C152.package
[turksimmer] Pants C157.package
[turksimmer] Pants C174.package
[turksimmer] Pants C183.package
[turksimmer] Pants C216 - TSR.package
[turksimmer] Pants C239 - TSR.package
[turksimmer] Pants C290 - TSR.package
[turksimmer] Pants C335 - TSR.package
[turksimmer] Pants C339 - TSR.package
[turksimmer] Pants C356 - TSR.package
[turksimmer] Pants C376 - TSR.package
[turksimmer] Pants C378 - TSR.package
[turksimmer] Pants C446 - TSR.package
[turksimmer] Party Dress C178.package
[turksimmer] Pleated Skirt VIP29 - Patreon.package
[turksimmer] PRIDE Gaymer T-shirt VIP27 - Patreon.package
[turksimmer] PRIDE Shorts VIP26 - Patreon.package
[turksimmer] PRIDE T-shirt VIP25 - Patreon.package
[turksimmer] Princess Dress Premium06 - Patreon.package
[turksimmer] Rosa Dress CN004 - Patreon.package
[turksimmer] Rotate Dress VIP16 - Patreon.package
[turksimmer] Rotate Kaya Dress VIP13 - Patreon.package
[turksimmer] Rotate Leather Dress VIP11 - Patreon.package
[turksimmer] Rotate Toriana Dress VIP17 - Patreon.package
[turksimmer] Satin Dress C244 - TSR.package
[turksimmer] Satin Mini Dress S232 - Premium_Patreon.package
[turksimmer] Set-Bottom C399 - TSR.package
[turksimmer] Set-Bottom C443 - TSR.package
[turksimmer] Set-Bottom C456 (kids) - TSR.package
[turksimmer] Set-Bottom C464 - TSR.package
[turksimmer] Set-Bottom C471 - TSR.package
[turksimmer] Set-Bottom C486 - TSR.package
[turksimmer] Set-Bottom C492 - TSR.package
[turksimmer] Set-Bottom C495 - TSR.package
[turksimmer] Set-Bottom C499 (toddler) - TSR.package
[turksimmer] Set-Bottom C519 - TSR.package
[turksimmer] Set-Crop C255 - TSR.package
[turksimmer] Set-Dad Shirt C503 - TSR.package
[turksimmer] Set-Dad Shorts C504 - TSR.package
[turksimmer] Set-Dress Daughter C502 - TSR.package
[turksimmer] Set-Dress Mom C501 - TSR.package
[turksimmer] Set-Fullbody C487 - TSR.package
[turksimmer] Set-Fullbody C493 - TSR.package
[turksimmer] Set-Fullbody C496 - TSR.package
[turksimmer] Set-Fullbody C500 (toddler) - TSR.package
[turksimmer] Set-Fullbody C520 - TSR.package
[turksimmer] Set-Skirt C247 - TSR.package
[turksimmer] Set-Son Shirt C505 - TSR.package
[turksimmer] Set-Son Shorts C506 - TSR.package
[turksimmer] Set-Top C398 - TSR.package
[turksimmer] Set-Top C433 - TSR.package
[turksimmer] Set-Top C442 - TSR.package
[turksimmer] Set-Top C455 (kids) - TSR.package
[turksimmer] Set-Top C463 - TSR.package
[turksimmer] Set-Top C470 - TSR.package
[turksimmer] Set-Top C485 - TSR.package
[turksimmer] Set-Top C491 - TSR.package
[turksimmer] Set-Top C494 - TSR.package
[turksimmer] Set-Top C498 (toddler) - TSR.package
[turksimmer] Set-Top C518 - TSR.package
[turksimmer] Set-Trouser C256 - TSR.package
[turksimmer] Sherr Dress C186.package
[turksimmer] Shirt C077.package
[turksimmer] Shirt+Dress C517 - TSR.package
[turksimmer] Shirt+Leggings C521 - TSR.package
[turksimmer] Short Sleeve Blouse Premium03 - Patreon.package
[turksimmer] Skirt C074.package
[turksimmer] Skirt C284 - TSR.package
[turksimmer] Skirt C302 - TSR.package
[turksimmer] Skirt C308 - TSR.package
[turksimmer] Skirt C310 - TSR.package
[turksimmer] Skirt C374 - TSR.package
[turksimmer] Skirt C384 - TSR.package
[turksimmer] Skirt C422 - TSR.package
[turksimmer] Skirt Premium04 - Patreon.package
[turksimmer] Sleepover C082.package
[turksimmer] Solace London Skye Mini Dress  - Patreon.package
[turksimmer] Sportwear Set-Bottom VIP32 - Patreon.package
[turksimmer] Sportwear Set-Bottom VIP34 - Patreon.package
[turksimmer] Sportwear Set-Top VIP31 - Patreon.package
[turksimmer] Sportwear Set-Top VIP33 - Patreon.package
[turksimmer] Summer Dress C428 - TSR.package
[turksimmer] Summer Outfit C426 - TSR.package
[turksimmer] Summer Set C177.package
[turksimmer] Summer Set C189.package
[turksimmer] Sweater C118.package
[turksimmer] Sweater C283 - TSR.package
[turksimmer] Sweater C289 - TSR.package
[turksimmer] Sweater C291 - TSR.package
[turksimmer] Sweater C301 - TSR.package
[turksimmer] Sweater C307 - TSR.package
[turksimmer] Sweater C309 - TSR.package
[turksimmer] Sweater C338 - TSR.package
[turksimmer] Sweater C373 - TSR.package
[turksimmer] Swimsuit C482 - TSR.package
[turksimmer] Swimwear 02 C045.package
[turksimmer] T-shirt C215 - TSR.package
[turksimmer] T-shirt C355 - TSR.package
[turksimmer] T-shirt C375 - TSR.package
[turksimmer] T-shirt C383 - TSR.package
[turksimmer] T-shirt C396 - TSR.package
[turksimmer] T-shirt Dress C436 - TSR.package
[turksimmer] Top 02 C059.package
[turksimmer] Trousers C390 - TSR.package
[turksimmer] Trousers C430 - TSR.package
[turksimmer] Versace Minidress VIP07 - Patreon.package
[turksimmer] Wedding Dress C146.package
[turksimmer] Wenda Dress C205.package
[turksimmer] YSL Lamé minidress - Patreon.package
[turksimmer] YSL Leather minidress - Patreon.package
[turksimmer] YSL Metallic minidress - Patreon.package
[WEILE]M_Roll-UpPants.package
PersonalityPlease!_CatsDogs_ByPolarbearsims.package
PersonalityPlease_MeanInteractions_ByPolarbearsims.package
Personality_Please!_By_Polarbearsims.package
Personality_Please!_Toddlers_By_Polarbearsims.package
RestrictedRomance_ByPolarbearsims.package
Sims_LearnInfo_BYPolarbearsims.package
!SimNationalBankBills_0.6.1.2_RU.package
SimRealist_-_SimNationalBank-Data.package
SimRealist_-_SimNationalBank_2.1.6.5.package
SimRealist_-_SimNationalBank_Bills_0.6.1.6.package
!KawaiiStacie_Slice_of_Life_Mod_RUS_Origamika.package
[KawaiiStacie] My Alcohol Base.package
[KawaiiStacie] My Alcohol.package
[KawaiiStacie] My Appearance Changes Mod.package
[KawaiiStacie] My Appearance Overlays.package
KS - Slice of Life [My Beauty].package
KS - [My Beauty] Makeup Kit.package
KS - [My Beauty] Makeup Looks.package
[KawaiiStacie] Menstrual Cycle.package
[KawaiiStacie] Menstrual Odor Broadcastor.package
[KawaiiStacie] Menstrual Toliet Interaction.package
[KawaiiStacie] My Cycle.package
[KawaiiStacie] Doctor Interactions.package
[KawaiiStacie] My Health Base.package
[KawaiiStacie] My Health.package
[KawaiiStacie] Sickness Spreader.package
[KawaiiStacie] Sound Effects & Idles.package
[KawaiiStacie] Conversations & Thoughts.package
[KawaiiStacie] My Memories Base.package
[KawaiiStacie] My Memories.package
[KawaiiStacie] Another Inviter.package
[KawaiiStacie] More Parties System.package
[KawaiiStacie] My Party Life Base.package
[KawaiiStacie] My Party Life.package
[KawaiiStacie] Party System.package
[KawaiiStacie] Roles & Buffs.package
[KawaiiStacie] Throw Parties.package
[KawaiiStacie] - My Personality.package
[KawaiiStacie] My Slice of Life [Action Menu].package
[KawaiiStacie] Goodbye Notifications.package
[KawaiiStacie] My Social Life Menu.package
[KawaiiStacie] My Social Life Phone (Inviting).package
[KawaiiStacie] My Social Life Phone Calls.package
[KawaiiStacie] My Social Life Popup Text Invites.package
[KawaiiStacie] My Social Life Popup Texts.package
[KawaiiStacie] My Social Life Popup Visitors.package
[KawaiiStacie] My Social Life.package
[KawaiiStacie] Self Woohoo Buffs.package
[KawaiiStacie] Self Woohoo Mod.package
(optional)Add Buffs to Default WW [YG].package
BS_Boobies.package
Cumshine.package
MYOBI-evev9-bottom-default.package
MYOBI-evev9-top-default.package
MYOBI-evev9-bottom.package
MYOBI-evev9-top.package
Shooty_a_CAS_loco_female_walk_megaPack.package
TURBODRIVER_CAS_DefaultUnderwear.package
TURBODRIVER_WickedWhims_Tuning.package
WalkingBounce.package
WickedWhims_LP_RUS_wild_guy.package
WW_Amra72_Animations.package
WW_Amra72_Animations_AP.package
WW_Amra72_Custom_Sounds.package
Anto_S4Hair_Thorns.package
Birba32_fy_Frozen_ElsaBlackandBlue.package
Birba32_fy_Frozen_ElsaLightBlue.package
bs_OneSleeveGown_TS4.package
colored_hair_get_together_ByPerolaGSims.package
deelitefulsimmer_labcoats.package
Esyram_ PumaLogo_High waist Sports Short.package
Esyram_Puma logo_Cross Back Sports Bra.package
FRS Dark Lace Bodysuit.package
GPME-GOLD Liner cc50.package
GPME-GOLD Natural Lips CC25.package
koala-simsTotoroToddlerOveralls.package
LEAN-Makeup set Glams CC3 -Eyeshadow.package
LEAN-Makeup set Glams CC3 -Lips.package
LEAN-Soft shadow CC3.package
Luxy_Basic_Short_Shirt_1.package
Luxy_Eyeshadow_Chunky_Glitter_Stars.package
Luxy_Eyeshadow_Chunky_Glitter_StarsandHearts.package
Luxy_Eyeshadow_Glitter_Lids.package
Luxy_Eyeshadow_Pure_Glitter.package
Madlen Abigail Outfit.package
Madlen Akiho Outfit.package
Madlen Anika Outfit (Child).package
Madlen Anika Outfit (Toddler).package
Madlen Arlette Boots (Short).package
Madlen Arlette Boots (Short2).package
Madlen Arlette Boots.package
Madlen Athena Outfit.package
Madlen Bernand Boots (Adult).package
Madlen Bernand Boots (Child).package
Madlen Bernand Boots (Toddler).package
Madlen Berta Coat (Child).package
Madlen Berta Coat (Toddler).package
Madlen Bonnie Boots (Child).package
Madlen Bonnie Boots (Toddler).package
Madlen Bonnie Boots.package
Madlen Breanna Outfit.package
Madlen Brigitte Outfit (Toddler).package
Madlen Brigitte Outfit.package
Madlen Cadenza Dress.package
Madlen Calanthe Outfit.package
Madlen Carol Dress (Toddler).package
Madlen Carol Dress.package
Madlen Catrimona Boots.package
Madlen Colette Outfit.package
Madlen Danai Dress.package
Madlen Danai Necklace.package
Madlen Dollie Outfit.package
Madlen Edlyn Outfit.package
Madlen Elaine Dress.package
Madlen Estelle Dress.package
Madlen Felicity Outfit.package
Madlen Fitness Outfit 1 (Child).package
Madlen Fitness Outfit 1 (Toddler).package
Madlen Fitness Outfit 2 (Child).package
Madlen Fitness Outfit 2 (Toddler).package
Madlen Gul Dress.package
Madlen Hadia Swimsuit.package
Madlen Himari Outfit (Child).package
Madlen Himari Outfit (Toddler).package
Madlen Hina Dress.package
Madlen Hina Shoes.package
Madlen Jennie Top.package
Madlen Josephine Coat.package
Madlen Kaisa Outfit.package
Madlen Lauren Outfit (Toddler).package
Madlen Lauren Outfit.package
Madlen Lina Shoes.package
Madlen Lisette Outfit (Toddler).package
Madlen Lisette Outfit.package
Madlen Lori Outfit.package
Madlen Lucille Boots (Child).package
Madlen Lucille Boots (Toddler).package
Madlen Manola Outfit.package
Madlen Marcella Shoes.package
Madlen Marhese Shoes.package
Madlen Marlene Outfit.package
Madlen Melita Outfit (Child).package
Madlen Melita Outfit (Toddler).package
Madlen Miku Outfit.package
Madlen Molle Boots.package
Madlen Nerea Outfit.package
Madlen Nola Outfit (Child).package
Madlen Nola Outfit (Toddler).package
Madlen Nyra Dress.package
Madlen Ophelia Bag.package
Madlen Ophelie Outfit.package
Madlen Pierina Dress (Toddler).package
Madlen Pierina Dress.package
Madlen Rachel Outfit.package
Madlen Renard Outfit (Child).package
Madlen Renard Outfit (Toddler).package
Madlen Renee Outfit.package
Madlen Rini Boots.package
Madlen Rosalie Dress (Adult).package
Madlen Rosalie Dress (Child).package
Madlen Rosalie Dress (Toddler).package
Madlen Ruperto Boots (Child).package
Madlen Ruperto Boots (Long).package
Madlen Ruperto Boots (Short) (Child).package
Madlen Ruperto Boots (Short) (Toddler).package
Madlen Ruperto Boots (Short).package
Madlen Ruperto Boots (Toddler).package
Madlen Safiya Shoes.package
Madlen Subira Jeans.package
Madlen Tsuki Slippers (Adult).package
Madlen Tzuki Slippers (Child).package
Madlen Tzuki Slippers (Toddler).package
Madlen Vilka Jacket (Child).package
Madlen Vilka Jacket (Toddler).package
Madlen Wedding Dress 1.package
Madlen Wedding Dress 2.package
Madlen Xoria Jacket (Male).package
Madlen Xoria Jacket.package
Madlen Yasu Shoes w Sock.package
Madlen Yasu Shoes.package
Madlen Yelena Hat.package
Madlen Yelena Swimsuit.package
Madlen Yoko  Choker.package
Madlen Yoko Outfit.package
MclayneSims_TaylorShirtDress.package
NucrestsyfTopLowKeyDenimHoodie.package
NucrestsyfTopLowKeyDenimHoodieOversize.package
NucrestsymTopLowKeyDenimHoodie.package
NucrestsymTopLowKeyDenimHoodieOversize.package
Caiocc_afam_AthleisureSneakers.package
Caiocc_afam_AthleticWrist.package
Caiocc_afam_SportWatch.package
Caiocc_af_AthleticOutfit.package
Caiocc_af_AthleticShort.package
Caiocc_af_AthleticSweatpants.package
Caiocc_af_AthleticSweatshirt.package
Caiocc_af_BikeShort.package
Caiocc_af_BootyBikeShort.package
Caiocc_af_LeggingPants.package
Caiocc_af_SportBra.package
Caiocc_af_SportJumpsuit.package
Caiocc_af_SportLongSleeve.package
Caiocc_af_SportShirt.package
Caiocc_am_AthleticSweatpants.package
Caiocc_am_AthleticSweatshirt.package
Caiocc_am_ShortSportTight.package
Caiocc_am_SportShirt.package
Caiocc_am_SportTight.package
Pralinesims_Eyeliner_N01_CatDeluxe.package
Pralinesims_Eyeliner_N02_SweetCat.package
Pralinesims_Eyeliner_N03_ElvenSparkle.package
Pralinesims_Eyeliner_N04_Soft.package
Pralinesims_Eyeliner_N05_ElegantCat.package
Pralinesims_Eyeliner_N06_DarkEdge_Pure.package
Pralinesims_Eyeliner_N06_DarkEdge_Winged.package
Pralinesims_Eyeliner_N07_EyelashPack.package
Pralinesims_Eyeliner_N08_TattooGlam.package
Pralinesims_Eyeliner_N09_ClumpyLashPack.package
Pralinesims_Eyeliner_N10_CatAndLashes.package
Pralinesims_Eyeliner_N11_WingedSmoky.package
Pralinesims_Eyeliner_N12_SleekSmoky.package
Pralinesims_Eyeliner_N13_Graphic.package
Pralinesims_Eyeliner_N14_Expressive.package
Pralinesims_Eyeliner_N15_GlamorousCat.package
Pralinesims_Eyeliner_N16_Edna.package
Pralinesims_Eyeliner_N17_FeatherLash.package
Pralinesims_Eyeliner_N18_Elysium.package
Pralinesims_Eyeliner_N19_Muse.package
Pralinesims_Eyeliner_N20_DelicateLash.package
Pralinesims_Eyeliner_N21_InnocentLashes.package
Pralinesims_Eyeliner_N22_Couture.package
Pralinesims_Eyeliner_N23_Volt.package
Pralinesims_Eyeliner_N24_SubtleMascara.package
Pralinesims_Eyeliner_N25_Khol.package
Pralinesims_Eyeliner_N26_DoubleWing.package
Pralinesims_Eyeliner_N27_EtherealLashes.package
Pralinesims_Eyeliner_N28_ElegantWing.package
Pralinesims_Eyeliner_N29_SubtleCat.package
Pralinesims_Eyeliner_N30_Enigma.package
Pralinesims_Eyeliner_N31_SmokyLash.package
Pralinesims_Eyeliner_N32_Antihero.package
Pralinesims_Eyeliner_N33_Neon.package
Pralinesims_Eyeliner_N34_PuppetLashes.package
Pralinesims_Eyeliner_N35_NaturalLashes.package
Pralinesims_Eyeliner_N36_NaturalWing.package
Pralinesims_Eyeliner_N37_Symonne.package
Pralinesims_Eyeliner_N38_Dragonic.package
Pralinesims_Eyeliner_N39_Rose.package
Pralinesims_Eyeliner_N40_Nina.package
Pralinesims_Eyeliner_N41_UnderWing.package
Pralinesims_Eyeliner_N42_Simple.package
Pralinesims_Eyeliner_N43_Enigma.package
Pralinesims_Eyeliner_N44_VEOX.package
Pralinesims_Eyeliner_N45_Glam.package
Pralinesims_Eyeliner_N46_Velvet.package
Pralinesims_Eyeliner_N47_TenderLashes.package
Pralinesims_Eyeliner_N48_Marisha.package
Pralinesims_Eyeliner_N49_Stephanie.package
Pralinesims_Eyeliner_N50_Dyaus.package
Pralinesims_Eyeliner_N51_Cecilia.package
Pralinesims_Eyeliner_N52_Yuno.package
Pralinesims_Eyeliner_N53_Freya.package
Pralinesims_Eyeliner_N54_Darko.package
Pralinesims_Eyeliner_N55_Sweetheart.package
Pralinesims_Eyeliner_N56_Angel.package
Pralinesims_Eyeliner_N57_Feline.package
Pralinesims_Eyeliner_N58_Omega.package
Pralinesims_Eyeliner_N59_Aranea.package
Pralinesims_Eyeliner_N60_NyxAlpha.package
Pralinesims_Eyeliner_N61_Cadnix.package
Pralinesims_Eyeliner_N62_Taboo.package
Pralinesims_Eyeliner_N63_Medissa.package
Pralinesims_Eyeliner_N64_Morgana.package
Pralinesims_Eyeliner_N65_Cambria.package
Pralinesims_Eyeliner_N66_Terra.package
Pralinesims_Eyeliner_N67_Vivia.package
Pralinesims_Eyeliner_N68_SilverFlame.package
Pralinesims_Eyeliner_N69_SybilLashes.package
Pralinesims_Eyeliner_N70_Hume.package
Pralinesims_Eyeliner_N71_Davahl.package
Pralinesims_Eyeliner_N72_Rayfalke.package
Pralinesims_Eyeliner_N73_Retro.package
Pralinesims_Eyeliner_N74_Catherine.package
Pralinesims_Eyeliner_N75_Bree.package
Pralinesims_Eyeliner_N76_Lynette.package
Pralinesims_Eyeliner_N77_Solis.package
Pralinesims_Eyeliner_N78_AuNaturel.package
Pralinesims_Eyeliner_N79_HarmonyLashes.package
Pralinesims_Eyeliner_N80_Lyra.package
Pralinesims_Eyeliner_N81_NorahLashes.package
Pralinesims_Eyeliner_N82_DestinyLashes.package
Pralinesims_Eyeliner_N83_NiiaLashes.package
Pralinesims_Eyeliner_N84_BabydollLashes.package
Pralinesims_Eyeliner_N85_Evan.package
Pralinesims_Eyeliner_N86_May.package
Pralinesims_Eyeliner_N87_Kara.package
Pralinesims_Eyeliner_N88_Sienna.package
Pralinesims_Eyeliner_N89_Moira.package
Pralinesims_Eyeliner_N90_Rem.package
Pralinesims_Eyeliner_N91_Dream.package
Pralinesims_Eyeliner_N92_MaraLashes.package
Pralinesims_Eyeliner_N93_MiaLashes.package
Pralinesims_Eyeliner_N94_MaggieLashes.package
Pralinesims_Eyeliner_N95_Fallon.package
PZC_Elegant Cut Summer Top.package
PZC_Summer Black Skinny Jeans.package
SaurusSkittlesSkirt.package
SaurusSkittlesSkirt_V2.package
SaurusSmartiesChinosAM.package
SaurusSmartiesChinosAM_V2.package
SaurusSmartiesJeansAF.package
SaurusSmartiesJeansAF_V2.package
SaurusStarburstTeeAF.package
SaurusStarburstTeeAF_V2.package
SaurusStarburstTeeAM.package
SaurusStarburstTeeAM_V2.package
Serenity - Kat Skirt.package
Sims2fanbg_3d coat_New mesh_78.package
Sims2fanbg_Padded_Jacket_126.package
Sims2fanbg_Ripped_Skinny_Jeans_198.package
SL_Starlord_yfTop_SelfPortrait_Tshirt-Valery.package
SL_yf_ElieSaab_dress_Leila_cutout-v2.package
taraab - Vila Cropped Sweater.package
toksik_OversizeDress.package
Twistedcat_Prism_Eyeshadow.package
TwistedCat_Prism_Lipstick.package
TwistedCat_QuartzHighlighter_Intense_Freckles.package
TwistedCat_QuartzHighlighter_Intense_Mole.package
TwistedCat_QuartzHighlighter_Soft_Facepaint.package
TwistedCat_QuartzHighlighter_Soft_Freckles.package
TwistedCat_QuartzHighlighter_Soft_Mole.package
Umbro Fitness Outfit.package
WINGS HAIR TS4 OE0528 F.package
[Aladdin] Ametheyst Pants .package
[Aladdin] Ametheyst Top.package
[Aladdin] Heather Dress.package
[Aladdin] Jennifer Hair.package
[Aladdin] Rebecca Hair.package
[Aladdin] Sally Jeans.package
[Aladdin] Samira Hair.package
[Aladdin] Sasha Top.package
[Aladdin] Selena Top.package
[BBSims] blush2HQ.package
[Enrique] Kimb Pants .package
[grimcookies] x deligracy I Men's Denim Jacket.package
[grimcookies] x deligracy I Men's High Waisted Pants.package
[grimcookies] x deligracy I Men's Knit Sweater.package
[grimcookies] x deligracy I Men's Open Shirt.package
[grimcookies] x deligracy I Men's Simple Long Sleeve Top Untucked.package
[grimcookies] x deligracy I Men's Simple Long Sleeve Top.package
[grimcookies] x deligracy I Men's Slick Pushed Back Hair.package
[grimcookies] x deligracy I Women's Cocktail Dress.package
[grimcookies] x deligracy I Women's Crop Top.package
[grimcookies] x deligracy I Women's High Waisted Pants.package
[grimcookies] x deligracy I Women's Long Split Dress.package
[grimcookies] x deligracy I Women's One Shoulder Dress.package
[grimcookies] x deligracy I Women's Ribbed Dress.package
[grimcookies] x deligracy I Women's Short Bob Hair.package
[grimcookies] x deligracy I Womens Blazer With Top.package
[grimcookies] x deligracy I Womens Blazer.package
[JH] EYE MAKEUP #22.package
[JH] LIPSTICK #173.package
[KikuruAcchi] Fleur Lipstick Collection Merged.package
[Liliili] EA-Alicia Hair.package
[Moriel] Lumine dress.package
[Moriel] Lumine hair.package
[Pipco] - Giovanna Trousers (+HQ).package
[Pipco] - Giovanna Vest and Shirt (+HQ).package
[Pipco] - Terra Blazer (+HQ).package
[Pipco] - Terra Trousers (+HQ).package
[qLayla] Eyeliner N88.package

== Scripts ==
Total amount: 112
basementaldrugs.ts4script
Asiashamecca_Careers_UltimateDancer.ts4script
Asiashamecca_Careers_UltimateFbiAgent.ts4script
Asiashamecca_Careers_UltimateSbaBaller.ts4script
Asiashamecca_Careers_UltimateSflPlayer.ts4script
BathBodyWorks.ts4script
Check E Cheese Script.ts4script
Kyatt_Careers_AnimalCareV5.ts4script
Marducplays_Careers_DockWorker.ts4script
Marducplays_Careers_SecurityGuard.ts4script
Midnitetech_Careers_Accounting.ts4script
Midnitetech_Careers_Advertising.ts4script
Midnitetech_Careers_Airline.ts4script
Midnitetech_Careers_Archaeology.ts4script
Midnitetech_Careers_Astronomer.ts4script
Midnitetech_Careers_Banking.ts4script
Midnitetech_Careers_Chocolatier.ts4script
Midnitetech_Careers_ClubLeader.ts4script
Midnitetech_Careers_ComicsGraphicNovels.ts4script
Midnitetech_Careers_CropFarmer.ts4script
Midnitetech_Careers_CustomerService.ts4script
Midnitetech_Careers_DisneyWorld.ts4script
Midnitetech_Careers_DogWalker.ts4script
Midnitetech_Careers_Film.ts4script
Midnitetech_Careers_Fitness.ts4script
Midnitetech_Careers_GraphicDesign.ts4script
Midnitetech_Careers_Hacker.ts4script
Midnitetech_Careers_HealthAndBeauty.ts4script
Midnitetech_Careers_Hotel.ts4script
Midnitetech_Careers_HumanResourcesSpecialist.ts4script
Midnitetech_Careers_IceRoadTrucker.ts4script
Midnitetech_Careers_InteriorDesigner.ts4script
Midnitetech_Careers_Jewelry.ts4script
Midnitetech_Careers_Journalism.ts4script
Midnitetech_Careers_JournalismTeen.ts4script
Midnitetech_Careers_Lawyer.ts4script
Midnitetech_Careers_Literary.ts4script
Midnitetech_Careers_ManualLabor.ts4script
Midnitetech_Careers_MausoleumClerk.ts4script
Midnitetech_Careers_Medical.ts4script
Midnitetech_Careers_Meteorology.ts4script
Midnitetech_Careers_Model.ts4script
Midnitetech_Careers_Musician.ts4script
Midnitetech_Careers_Nightclub.ts4script
Midnitetech_Careers_NightShiftPack.ts4script
Midnitetech_Careers_PartTimeAgency.ts4script
Midnitetech_Careers_PoliticsTeen.ts4script
Midnitetech_Careers_PrivateInvestigator.ts4script
Midnitetech_Careers_PrivateTutoring.ts4script
Midnitetech_Careers_Production.ts4script
Midnitetech_Careers_Psychologist.ts4script
Midnitetech_Careers_SaturdayJobs.ts4script
Midnitetech_Careers_SpaReceptionist.ts4script
Midnitetech_Careers_SpaSpecialist.ts4script
Midnitetech_Careers_SwindlerConversion.ts4script
Midnitetech_Careers_TalkShowHost.ts4script
Midnitetech_Careers_TrustFund.ts4script
Midnitetech_Careers_Veterinary.ts4script
Midnitetech_Careers_WebAdmin.ts4script
Midnitetech_Careers_WelfareRecipient.ts4script
Midnitetech_Careers_WinterfestTemp.ts4script
Neia_Careers_Architecture.ts4script
Neia_Careers_Biology.ts4script
OSEX_Pimping.ts4script
OSEX_PrivateModel.ts4script
OSEX_SexyTeacher.ts4script
OSEX_Tramp.ts4script
Part Time Jobs [Set #1].ts4script
PisceanSimmerCareersBaker.ts4script
PisceansimmerCareersWeddingPlanner.ts4script
PisceansimmerCareersZookeeper.ts4script
PostalService_Career_by_Simscovery.ts4script
Purplethistles_Careers_TarotReader.ts4script
Victoria Secret Career.ts4script
Carl_Gameplay_Overhaul.ts4script
mc_career.ts4script
mc_cas.ts4script
mc_cheats.ts4script
mc_cleaner.ts4script
mc_clubs.ts4script
mc_cmd_center.ts4script
mc_control.ts4script
mc_dresser.ts4script
mc_gedcom.ts4script
mc_occult.ts4script
mc_population.ts4script
mc_pregnancy.ts4script
mc_tuner.ts4script
mc_woohoo.ts4script
SrslySims_CookingOverhaul-SCRIPT.ts4script
SAC_Life Tragedies -MOD- v 1.2.8.1 Script.ts4script
Lumpinou_MemoryPanelMod_v2.ts4script
Don't Wash Dishes (LeRoiDeTout Update).ts4script
LittleMsSam_QuickShowerBath.ts4script
Pandasama_Childbirth.ts4script
ShaneGrey_MentalHygiene_EatAtTable_fix_UpdatedbyLittleMsSam.ts4script
Tmex-BetterExceptions.ts4script
XmlInjector_Script_v4.ts4script
S4MP_release.ts4script
SimRealist_-_SimNationalBank_2.1.6.5.ts4script
SimRealist_-_SimNationalBank_Bills_0.6.1.6.ts4script
KS - Slice of Life [My Beauty].ts4script
[KawaiiStacie] - My Personality.ts4script
[KawaiiStacie] Menstrual Cycle.ts4script
[KawaiiStacie] My Alcohol Base.ts4script
[KawaiiStacie] My Appearance Changes.ts4script
[KawaiiStacie] My Health Base.ts4script
[KawaiiStacie] My Memories.ts4script
[KawaiiStacie] My Party Life Base.ts4script
[KawaiiStacie] My Social Life.ts4script
Cumshine.ts4script
TURBODRIVER_WickedWhims_Scripts.ts4script



Tue Apr 18 02:18:59 2023
LogHexValue 259F4AE0EA9B0FEA