[Apr-18-2023 18:59:08]Initializing MC Command Center version: 2022.6.0...
[Apr-18-2023 19:01:43]Initializing Zone Data...
[Apr-18-2023 19:32:29]The dresser configuration file, C:\Users\herew\Documents\Electronic Arts\The Sims 4\Mods\CommandCenter\mc_dresser.cfg, is not found. (This is normal until changes are made to MC Dresser)
[Apr-18-2023 19:32:29]* Created homeless household, Нивери, containing 1 sim(s) for: filter_CityLife_CityRepair
[Apr-18-2023 19:44:06]* Created household, , from an unknown filter: WickedWhims: Peeping Premade Sim
[Apr-18-2023 19:46:28]* Created homeless household, Калани, containing 1 sim(s) for: LT:Situations_SerialKillers_PatrickRogers "Filter"
[Apr-18-2023 19:49:56]* Created homeless household, Кеус, containing 1 sim(s) for: LT:Situations_SerialKillers_SapphireHudson "Filter"
[Apr-18-2023 19:52:51]******************************************************
[Apr-18-2023 19:52:51]Running alarms for Saturday (6)
[Apr-18-2023 19:52:51]Lot is invalid as there are no beds: Поттерс Сплей (Willow Creek)
[Apr-18-2023 19:52:51]Lot is invalid as there are no beds: Хэллоу Слаф (Willow Creek)
[Apr-18-2023 19:52:51]Lot is invalid as there are no beds: Баргайн Бенд (Willow Creek)
[Apr-18-2023 19:52:51]Lot is invalid as there are no beds: Знаменитое имение (Magnolia Promenade)
[Apr-18-2023 19:52:51]Lot is invalid as there are no beds: Байя Делламоре (Tartosa)
[Apr-18-2023 19:52:51]Lot is invalid as there are no beds: Виа Романца (Tartosa)
[Apr-18-2023 19:52:51]Lot is invalid as there are no beds: Сапфировый берег (Sulani)
[Apr-18-2023 19:52:51]Lot is invalid as there are no beds: Значимое место (Sulani)
[Apr-18-2023 19:52:51]Lot is invalid as there are no beds: Бруксбридж Бороу (Glimmerbrook)
[Apr-18-2023 19:52:51]Lot is invalid as there are no beds: Рок-Ридж Каньон (Glimmerbrook)
[Apr-18-2023 19:52:51]Lot is invalid as there are no beds: Крик-Сайд Корнер (Glimmerbrook)
[Apr-18-2023 19:52:51]Lot is invalid as there are no beds: Страж Глиммербрука (Glimmerbrook)
[Apr-18-2023 19:52:51]Lot is invalid as there are no beds: Участок бродяги (Moonwood Mill)
[Apr-18-2023 19:52:51]Lot is invalid as there are no beds: Старомельничный переулок, 2 (Henford-on-Bagley)
[Apr-18-2023 19:52:51]Lot is invalid as there are no beds: Летний домик (Windenburg)
[Apr-18-2023 19:52:51]Lot is invalid as there are no beds: Из ниоткуда в никуда (Windenburg)
[Apr-18-2023 19:52:51]Lot is invalid as there are no beds: Логово рукокрылых (Forgotten Hollow)
[Apr-18-2023 19:52:51]Lot is invalid as there are no beds: Вэкьюос Грин (Del Sol Valley)
[Apr-18-2023 19:52:51]Lot is invalid as there are no beds: Тейлс Энд (Brindleton Bay)
[Apr-18-2023 19:52:51]Lot is invalid as there are no beds: Хиндквортер Хайдэвей (Brindleton Bay)
[Apr-18-2023 19:52:51]Lot is invalid as there are no beds: Дахсунд Крик (Brindleton Bay)
[Apr-18-2023 19:52:51]Lot is invalid as there are no beds: Место для развлечений (Brindleton Bay)
[Apr-18-2023 19:52:51]Lot is invalid as there are no beds: Оптимистс Аутлук (New Crest)
[Apr-18-2023 19:52:51]Lot is invalid as there are no beds: Хилсайд Хайлендс (New Crest)
[Apr-18-2023 19:52:51]Lot is invalid as there are no beds: Цивик Клиффс (New Crest)
[Apr-18-2023 19:52:51]Lot is invalid as there are no beds: Кукаут Лукаут (New Crest)
[Apr-18-2023 19:52:51]Lot is invalid as there are no beds: Сэнди Ран (New Crest)
[Apr-18-2023 19:52:51]Lot is invalid as there are no beds: Рипплинг Флэтс (New Crest)
[Apr-18-2023 19:52:51]Lot is invalid as there are no beds: Твин Оракл Поинт (New Crest)
[Apr-18-2023 19:52:51]Lot is invalid as there are no beds: Тренквил Крессент (New Crest)
[Apr-18-2023 19:52:51]Lot is invalid as there are no beds: Эварис Эйкрз (New Crest)
[Apr-18-2023 19:52:51]Lot is invalid as there are no beds: Эсфальт Эбодз (New Crest)
[Apr-18-2023 19:52:51]Lot is invalid as there are no beds: Комфи Кабби (New Crest)
[Apr-18-2023 19:52:51]Lot is invalid as there are no beds: Ферн Парк (New Crest)
[Apr-18-2023 19:52:51]Lot is invalid as there are no beds: Оук Альков (New Crest)
[Apr-18-2023 19:52:51]Lot is invalid as there are no beds: Бич Байуэй (New Crest)
[Apr-18-2023 19:52:51]Lot is invalid as there are no beds: Мидтаун Мэдоу (New Crest)
[Apr-18-2023 19:52:51]Lot is invalid as there are no beds: Литл Фоллз Нук (Copperdale)
[Apr-18-2023 19:52:51]Lot is invalid as there are no beds: Крик Корнер Коув (StrangerVille)
[Apr-18-2023 19:52:51]Lot is invalid as there are no beds: Клифсайд Крест (StrangerVille)
[Apr-18-2023 19:52:51]Lot is invalid as there are no beds: Дасти Терф (Oasis Springs)
[Apr-18-2023 19:52:51]Lot is invalid as there are no beds: Эрид Ридж (Oasis Springs)
[Apr-18-2023 19:52:51]Lot is invalid as there are no beds: Пеббл Берроу (Oasis Springs)
[Apr-18-2023 19:52:51]Lot is invalid as there are no beds: Вакабамори, 2-4-1 (Mt. Komorebi)
[Apr-18-2023 19:52:51]Lot is invalid as there are no beds: Киемацу Поинт (Mt. Komorebi)
[Apr-18-2023 19:52:51]The Лоран family moved into Оукенстед
[Apr-18-2023 19:52:51]The Террион family moved into Стоунстрит, 3
[Apr-18-2023 19:52:51]The Ито family moved into Карпофагос Корнер
[Apr-18-2023 19:52:51]The Хадес family moved into Стрейнджервиль-Оверлук
[Apr-18-2023 19:52:51]The Шимада family moved into Брук Бунгало
[Apr-18-2023 19:52:51]The Монтилье family moved into Привал "Кальдера"
[Apr-18-2023 19:52:51]The Розвелл family moved into Амбридж Мэнор
[Apr-18-2023 19:52:51]The Чопра family moved into Юма Хайтс
[Apr-18-2023 19:52:51]The Сото family moved into Провинциальная резиденция
[Apr-18-2023 19:52:51]The Нивери family moved into Паркшор
[Apr-18-2023 19:52:51]The Райзор family moved into Канал-Корнер
[Apr-18-2023 19:52:51]The Вейдталас family moved into Пайнкрест, 402
[Apr-18-2023 19:52:51]The Рэндар family moved into ЛаСули Поинт
[Apr-18-2023 19:52:51]The Экудо family moved into Сэндтрэп Флэт
[Apr-18-2023 19:52:51]The Мингрен family moved into Эгейви Эбоуд
[Apr-18-2023 19:52:51]The Цердан family moved into Ландграаб, VIII
[Apr-18-2023 19:52:51]The Лалонд family moved into Рио Верде
[Apr-18-2023 19:52:51]The Вар family moved into Улица Шик, 21-1313
[Apr-18-2023 19:52:51]The Блэквелл family moved into Сапожная улица, 5
[Apr-18-2023 19:52:51]The Страйклен family moved into Пиккола Луче
[Apr-18-2023 19:52:51]The Кери family moved into Бедлингтон-Хаус
[Apr-18-2023 19:52:51]The Ривердейл family moved into Пентхаус "Торенди Тауэр", 1
[Apr-18-2023 19:52:51]The Дракула family moved into Рэгдолл Реферб
[Apr-18-2023 19:52:51]The Септам family moved into Пир-палас
[Apr-18-2023 19:52:51]The Эгрес family moved into Корабельная верфь
[Apr-18-2023 19:52:51]The Маккиннон family moved into Калпеппер Хаус, 17
[Apr-18-2023 19:52:51]The Джабари family moved into Дэйзи Ховел
[Apr-18-2023 19:52:51]The Фен family moved into Домус Фамилиарис
[Apr-18-2023 19:52:51]The Бхамра family moved into Ханамигава, 6-4-1
[Apr-18-2023 19:52:51]The Кумбз family moved into Поместье Тиби
[Apr-18-2023 19:52:51]The Хиддлстикс family moved into Рокридж Спрингс
[Apr-18-2023 19:52:51]The Baby Ariel family moved into Нукстоун
[Apr-18-2023 19:52:51]The Флемминг family moved into Старомельничный переулок, 3
[Apr-18-2023 19:52:51]The Фэбьюлос family moved into Вакабамори, 2-4-3
[Apr-18-2023 19:52:51]The Альто family moved into Стримлет Сингл
[Apr-18-2023 19:52:51]The Брок family moved into Рифуджо дей Пирати
[Apr-18-2023 19:52:51]The Дример family moved into Увитая хижина
[Apr-18-2023 19:52:51]The Чо family moved into Риверсайд Руст
[Apr-18-2023 19:52:51]The Сильверсветер family moved into Идеальный причал
[Apr-18-2023 19:52:51]The Фаба family moved into Вакабамори, 2-5-1
[Apr-18-2023 19:52:51]The Эмбер family moved into 122 Hakim House
[Apr-18-2023 19:52:51]The Голдблум family moved into Дзен-Вью, 702
[Apr-18-2023 19:52:51]The Белл family moved into Место крушения корабля "Адмирал"
[Apr-18-2023 19:52:51]The Уайлдер family moved into Спрингскейп
[Apr-18-2023 19:52:51]The Оклоу family moved into Гранада Плейс
[Apr-18-2023 19:52:51]The Лопес family moved into Сапожная улица, 1
[Apr-18-2023 19:52:51]The Хауэлл family moved into Вдовушкин дом
[Apr-18-2023 19:52:51]The Хекекия family moved into Дом "Морской волк"
[Apr-18-2023 19:52:51]The Иона family moved into Калпеппер Хаус, 19
[Apr-18-2023 19:52:51]The Махи'аи family moved into Стоунстрит, 4
[Apr-18-2023 19:52:51]The Джалил family moved into Пайнкрест, 404
[Apr-18-2023 19:52:51]The Мойер family moved into Хозяйская площадь
[Apr-18-2023 19:52:51]Checking for random pregnancies
[Apr-18-2023 19:52:52]*** Started pregnancy for Меле Каханануи with Алика Каханануи.
[Apr-18-2023 19:52:52]*** Started pregnancy for Юдит Уорд with Дон Лотарио.
[Apr-18-2023 19:52:52]*** Started pregnancy for Ава Харьо with Луча Харьо.
[Apr-18-2023 19:52:52]Started 3 pregnancies
[Apr-18-2023 19:52:52]*** Started pet pregnancy for Блу with Скат Вилен.
[Apr-18-2023 19:52:52]Started 1 pet pregnancy
[Apr-18-2023 19:52:52]Checking for random marriage
[Apr-18-2023 19:52:52]No valid sims found to marry Майкл Белл.
[Apr-18-2023 19:52:52]No valid sims found to marry Маркус Флекс.
[Apr-18-2023 19:52:52]No marriages happened this cycle.
[Apr-18-2023 20:04:26]Джесс Сигворт had 1 baby with Дилан Сигворт.
[Apr-18-2023 20:04:26]Белла Гот had 1 baby with Мортимер Гот.
[Apr-18-2023 20:19:19]* Created homeless household, Джекс, containing 1 sim(s) for: LT:Situations_SerialKillers_WillardKline "Filter"
[Apr-18-2023 20:24:18]* Created homeless household, Рэдгем, containing 1 sim(s) for: filter_Ages_YA_Firefighter
[Apr-18-2023 20:24:19]* Created homeless household, Эвест, containing 1 sim(s) for: filter_Ages_YA_Firefighter
[Apr-18-2023 20:34:31]******************************************************
[Apr-18-2023 20:34:32]Running alarms for Sunday (0)
[Apr-18-2023 20:34:32]3 married sims names fixed.
[Apr-18-2023 20:35:47]Блу delivered 1 baby.
[Apr-18-2023 20:39:30]Лилиана Кеалоха had 1 baby with Макоа Кеалоха.
[Apr-18-2023 20:39:55]* Created homeless household, Кроул, containing 1 sim(s) for: LT:Situations_SerialKillers_Matthew Briggs "Filter"
[Apr-18-2023 20:41:50]* Created homeless household, Маддерлин, containing 1 sim(s) for: LT:Situations_SerialKillers_PatrickRogers "Filter"
[Apr-18-2023 21:00:45]* Created homeless household, Ризель, containing 1 sim(s) for: LT:Situations_SerialKillers_JasonVoorhees "Filter"
[Apr-18-2023 21:00:46]* Created homeless household, Деджи, containing 1 sim(s) for: LT:Situations_SerialKillers_JasonVoorhees_Campers "Filter"
[Apr-18-2023 21:00:46]* Created homeless household, Голд, containing 1 sim(s) for: LT:Situations_SerialKillers_JasonVoorhees_Campers "Filter"
[Apr-18-2023 21:00:47]* Created homeless household, Фрозен, containing 1 sim(s) for: LT:Situations_SerialKillers_JasonVoorhees_Campers "Filter"
[Apr-18-2023 21:04:38]* Created homeless household, Плэйсон, containing 1 sim(s) for: LT:Situations_SerialKillers_JasonVoorhees_Campers "Filter"
[Apr-18-2023 21:08:06]******************************************************
[Apr-18-2023 21:08:06]Running alarms for Monday (1)
[Apr-18-2023 21:11:51]* Created homeless household, Беллистиф, containing 1 sim(s) for: LT:Situations_Kidnapper "Filter"
[Apr-18-2023 21:18:06]Мици has aged-up to Age.TODDLER
[Apr-18-2023 21:37:33]* Created homeless household, Гритсворд, containing 1 sim(s) for: LT:Situations_SerialKillers_JasonVoorhees "Filter"
[Apr-18-2023 21:37:33]* Created homeless household, Кастил, containing 1 sim(s) for: LT:Situations_SerialKillers_JasonVoorhees_Campers "Filter"
[Apr-18-2023 21:37:46]* Created homeless household, Митлайд, containing 1 sim(s) for: LT:Situations_SerialKillers_Zanny Antowan "Filter"
[Apr-18-2023 21:40:57]* Created homeless household, Зеллирд, containing 1 sim(s) for: LT:Situations_SerialKillers_JasonVoorhees_Campers "Filter"
[Apr-18-2023 21:42:11]* Created homeless household, Стрэйнхарт, containing 1 sim(s) for: LT:Situations_SerialKillers_JasonVoorhees_Campers "Filter"
[Apr-18-2023 21:50:36]******************************************************
[Apr-18-2023 21:50:36]Running alarms for Tuesday (2)
[Apr-18-2023 21:50:36]Checking for random pregnancies
[Apr-18-2023 21:50:36]*** Started pregnancy for Лавина Чопра with Дон Лотарио.
[Apr-18-2023 21:50:36]*** Started pregnancy for Эль Фаба with Гэйвин Ричардс.
[Apr-18-2023 21:50:36]*** Started pregnancy for Мередит Розвелл with Тед Розвелл.
[Apr-18-2023 21:50:37]Started 3 pregnancies
[Apr-18-2023 21:50:37]*** Started pet pregnancy for Толстуша Хорн with Куки Вольтер.
[Apr-18-2023 21:50:37]Started 1 pet pregnancy
[Apr-18-2023 21:50:37]Checking for random marriage
[Apr-18-2023 21:50:37]No valid sims found to marry Кристофер Волков.
[Apr-18-2023 21:50:37]>>> Married Британи Чо and Доминик Фирс and renamed household to Фирс
[Apr-18-2023 21:50:37]Британи Фирс was married this random marriage cycle.
[Apr-18-2023 21:50:37]>>> Married Кари Септам and Кристофер Волков and renamed household to Волков
[Apr-18-2023 21:50:37]Кари Волков was married this random marriage cycle.
[Apr-18-2023 21:50:37]Married 2 sims
[Apr-18-2023 21:53:48]* Merged Sim into household, Лоран, for Neighborhood Story adoption
[Apr-18-2023 21:53:48]* Merged Sim into household, Гот, for Neighborhood Story adoption
[Apr-18-2023 21:58:29]Анайя Янг had 1 baby with Баако Янг.
[Apr-18-2023 22:12:04]* Created homeless household, Аанар, containing 1 sim(s) for: LT:Situations_SerialKillers_PatrickRogers "Filter"
[Apr-18-2023 22:25:53]******************************************************
[Apr-18-2023 22:25:53]Running alarms for Wednesday (3)
[Apr-18-2023 22:28:35]Толстуша Хорн delivered 1 baby.
[Apr-18-2023 22:29:04]* Merged Sim into household, Монтилье, for Neighborhood Story adoption
[Apr-18-2023 22:29:55]Юдит Уорд had 2 babies with Дон Лотарио.
[Apr-18-2023 22:29:55]Ава Харьо had 1 baby with Луча Харьо.
[Apr-18-2023 22:29:55]Меле Каханануи had 1 baby with Алика Каханануи.
[Apr-18-2023 22:52:21]******************************************************
[Apr-18-2023 22:52:21]Running alarms for Thursday (4)
[Apr-18-2023 22:52:52]* Created homeless household, Лоджикс, containing 1 sim(s) for: LT:Situations_SerialKillers_Matthew Briggs "Filter"
[Apr-18-2023 22:56:05]* Merged Sim into household, Лоран, for Neighborhood Story adoption
[Apr-18-2023 23:02:20]Киара has aged-up to Age.TODDLER
[Apr-18-2023 23:02:20]Сморг has aged-up to Age.TODDLER
[Apr-18-2023 23:26:25]******************************************************
[Apr-18-2023 23:26:25]Running alarms for Friday (5)
[Apr-18-2023 23:29:37]* Merged Sim into household, Бхида, for Neighborhood Story adoption
[Apr-18-2023 23:29:38]* Merged Sim into household, Янг, for Neighborhood Story adoption
[Apr-18-2023 23:32:38]Флинт has aged-up to Age.TODDLER
[Apr-18-2023 23:32:39]Дженна Акияма had 1 baby with Кадо Акияма.
[Apr-18-2023 23:47:21]* Created homeless household, Баклен, containing 1 sim(s) for: LT:Situations_Bully "Filter"
[Apr-18-2023 23:47:21]* Created homeless household, Суарес, containing 1 sim(s) for: LT:Situations_Bully "Filter"
[Apr-18-2023 23:47:40]******************************************************
[Apr-18-2023 23:47:40]Running alarms for Saturday (6)
[Apr-18-2023 23:47:40]Lot is invalid as there are no beds: Поттерс Сплей (Willow Creek)
[Apr-18-2023 23:47:40]Lot is invalid as there are no beds: Хэллоу Слаф (Willow Creek)
[Apr-18-2023 23:47:40]Lot is invalid as there are no beds: Баргайн Бенд (Willow Creek)
[Apr-18-2023 23:47:40]Lot is invalid as there are no beds: Знаменитое имение (Magnolia Promenade)
[Apr-18-2023 23:47:40]Lot is invalid as there are no beds: Байя Делламоре (Tartosa)
[Apr-18-2023 23:47:40]Lot is invalid as there are no beds: Виа Романца (Tartosa)
[Apr-18-2023 23:47:40]Lot is invalid as there are no beds: Сапфировый берег (Sulani)
[Apr-18-2023 23:47:40]Lot is invalid as there are no beds: Значимое место (Sulani)
[Apr-18-2023 23:47:40]Lot is invalid as there are no beds: Бруксбридж Бороу (Glimmerbrook)
[Apr-18-2023 23:47:40]Lot is invalid as there are no beds: Рок-Ридж Каньон (Glimmerbrook)
[Apr-18-2023 23:47:40]Lot is invalid as there are no beds: Крик-Сайд Корнер (Glimmerbrook)
[Apr-18-2023 23:47:40]Lot is invalid as there are no beds: Страж Глиммербрука (Glimmerbrook)
[Apr-18-2023 23:47:40]Lot is invalid as there are no beds: Участок бродяги (Moonwood Mill)
[Apr-18-2023 23:47:40]Lot is invalid as there are no beds: Старомельничный переулок, 2 (Henford-on-Bagley)
[Apr-18-2023 23:47:40]Lot is invalid as there are no beds: Летний домик (Windenburg)
[Apr-18-2023 23:47:40]Lot is invalid as there are no beds: Из ниоткуда в никуда (Windenburg)
[Apr-18-2023 23:47:40]Lot is invalid as there are no beds: Логово рукокрылых (Forgotten Hollow)
[Apr-18-2023 23:47:40]Lot is invalid as there are no beds: Вэкьюос Грин (Del Sol Valley)
[Apr-18-2023 23:47:40]Lot is invalid as there are no beds: Тейлс Энд (Brindleton Bay)
[Apr-18-2023 23:47:40]Lot is invalid as there are no beds: Хиндквортер Хайдэвей (Brindleton Bay)
[Apr-18-2023 23:47:40]Lot is invalid as there are no beds: Дахсунд Крик (Brindleton Bay)
[Apr-18-2023 23:47:40]Lot is invalid as there are no beds: Место для развлечений (Brindleton Bay)
[Apr-18-2023 23:47:40]Lot is invalid as there are no beds: Оптимистс Аутлук (New Crest)
[Apr-18-2023 23:47:40]Lot is invalid as there are no beds: Хилсайд Хайлендс (New Crest)
[Apr-18-2023 23:47:40]Lot is invalid as there are no beds: Цивик Клиффс (New Crest)
[Apr-18-2023 23:47:40]Lot is invalid as there are no beds: Кукаут Лукаут (New Crest)
[Apr-18-2023 23:47:40]Lot is invalid as there are no beds: Сэнди Ран (New Crest)
[Apr-18-2023 23:47:40]Lot is invalid as there are no beds: Рипплинг Флэтс (New Crest)
[Apr-18-2023 23:47:40]Lot is invalid as there are no beds: Твин Оракл Поинт (New Crest)
[Apr-18-2023 23:47:40]Lot is invalid as there are no beds: Тренквил Крессент (New Crest)
[Apr-18-2023 23:47:40]Lot is invalid as there are no beds: Эварис Эйкрз (New Crest)
[Apr-18-2023 23:47:40]Lot is invalid as there are no beds: Эсфальт Эбодз (New Crest)
[Apr-18-2023 23:47:40]Lot is invalid as there are no beds: Комфи Кабби (New Crest)
[Apr-18-2023 23:47:40]Lot is invalid as there are no beds: Ферн Парк (New Crest)
[Apr-18-2023 23:47:40]Lot is invalid as there are no beds: Оук Альков (New Crest)
[Apr-18-2023 23:47:40]Lot is invalid as there are no beds: Бич Байуэй (New Crest)
[Apr-18-2023 23:47:40]Lot is invalid as there are no beds: Мидтаун Мэдоу (New Crest)
[Apr-18-2023 23:47:40]Lot is invalid as there are no beds: Литл Фоллз Нук (Copperdale)
[Apr-18-2023 23:47:40]Lot is invalid as there are no beds: Крик Корнер Коув (StrangerVille)
[Apr-18-2023 23:47:40]Lot is invalid as there are no beds: Клифсайд Крест (StrangerVille)
[Apr-18-2023 23:47:40]Lot is invalid as there are no beds: Дасти Терф (Oasis Springs)
[Apr-18-2023 23:47:40]Lot is invalid as there are no beds: Эрид Ридж (Oasis Springs)
[Apr-18-2023 23:47:40]Lot is invalid as there are no beds: Пеббл Берроу (Oasis Springs)
[Apr-18-2023 23:47:40]Lot is invalid as there are no beds: Вакабамори, 2-4-1 (Mt. Komorebi)
[Apr-18-2023 23:47:40]Lot is invalid as there are no beds: Киемацу Поинт (Mt. Komorebi)
[Apr-18-2023 23:47:40]The Эвест family moved into Пентхаус "Вид на фонтан"
[Apr-18-2023 23:47:40]The Рэдгем family moved into Хаунд Хэд
[Apr-18-2023 23:47:40]The Кери family moved into Иннер Серкл
[Apr-18-2023 23:47:40]The Лобо family moved into Медина Студиос, 920
[Apr-18-2023 23:47:40]Checking for random pregnancies
[Apr-18-2023 23:47:41]*** Started pregnancy for Серена Бхамра with Гэйвин Ричардс.
[Apr-18-2023 23:47:41]Started 1 pregnancy
[Apr-18-2023 23:47:41]*** Started pet pregnancy for Арина Карне with Ирбис Септам.
[Apr-18-2023 23:47:41]Started 1 pet pregnancy
[Apr-18-2023 23:47:41]Checking for random marriage
[Apr-18-2023 23:47:41]>>> Married Мила Манч and Мигель Монтилье and they now live in the Монтилье household
[Apr-18-2023 23:47:41]Мила Монтилье was married this random marriage cycle.
[Apr-18-2023 23:47:45]>>> Married Лана Маккиннон and Симеон Сильверсветер and renamed household to Сильверсветер
[Apr-18-2023 23:47:45]Лана Сильверсветер was married this random marriage cycle.
[Apr-18-2023 23:47:45]Married 2 sims
[Apr-18-2023 23:51:37]Лавина Чопра had 1 baby with Дон Лотарио.
[Apr-18-2023 23:51:37]Эль Фаба had 1 baby with Гэйвин Ричардс.
[Apr-18-2023 23:51:37]Мередит Розвелл had 1 baby with Тед Розвелл.
[Apr-18-2023 23:59:07]* Created homeless household, Керфед, containing 1 sim(s) for: filter_walker_ambient_Alien_InDisguise
[Apr-19-2023 00:00:47]* Created homeless household, Флё, containing 1 sim(s) for: LT:Situations_SerialKillers_JasonVoorhees "Filter"
[Apr-19-2023 00:00:48]* Created homeless household, Элайен, containing 1 sim(s) for: LT:Situations_SerialKillers_JasonVoorhees_Campers "Filter"
[Apr-19-2023 00:00:48]* Created homeless household, Снэг, containing 1 sim(s) for: LT:Situations_SerialKillers_JasonVoorhees_Campers "Filter"
[Apr-19-2023 00:05:14]* Created homeless household, Лэрс, containing 1 sim(s) for: filter_Paparazzi
[Apr-19-2023 00:05:27]* Created homeless household, Картер, containing 1 sim(s) for: filter_Paparazzi
[Apr-19-2023 00:07:11]* Created homeless household, Бларгейн, containing 1 sim(s) for: filter_walker_ambient_Alien_InDisguise
[Apr-19-2023 00:12:34]* Created homeless household, Беланг, containing 1 sim(s) for: LT:Situations_SerialKillers_JasonVoorhees_Campers "Filter"
[Apr-19-2023 00:12:34]* Created homeless household, Меррик, containing 1 sim(s) for: LT:Situations_SerialKillers_JasonVoorhees_Campers "Filter"
[Apr-19-2023 00:12:35]* Created homeless household, Вальгард, containing 1 sim(s) for: LT:Situations_SerialKillers_JasonVoorhees_Campers "Filter"
[Apr-19-2023 00:16:35]******************************************************
[Apr-19-2023 00:16:35]Running alarms for Sunday (0)
[Apr-19-2023 00:18:46]Арина Карне delivered 2 babies.
[Apr-19-2023 00:19:03]Млэн Гот has aged-up to Age.TODDLER
[Apr-19-2023 00:19:04]* Merged Sim into household, Ривердейл, for Neighborhood Story adoption
[Apr-19-2023 00:19:04]* Merged Sim into household, Хекинг, for Neighborhood Story adoption
[Apr-19-2023 00:23:08]Бенни has aged-up to Age.TODDLER
[Apr-19-2023 00:23:08]Клара Бьергсен had 1 baby with Бьорн Бьергсен.
[Apr-19-2023 00:25:02]* Created homeless household, Дриммэйр , containing 1 sim(s) for: LT:Situations_SerialKillers_Matthew Briggs "Filter"
[Apr-19-2023 00:37:21]******************************************************
[Apr-19-2023 00:37:21]Running alarms for Monday (1)
